<?xml version='1.0' encoding='UTF-8'?>
<testsuite tests="10000" failures="100" errors="0" time="100.0">
  <testcase name="test_synthetic_00000" classname="com.example.SyntheticSuite" time="0.01">
    <failure message="Synthetic failure at 0">Assertion failed at iteration 0</failure>
  </testcase>
  <testcase name="test_synthetic_00001" classname="com.example.SyntheticSuite" time="0.01"/>
  <testcase name="test_synthetic_00002" classname="com.example.SyntheticSuite" time="0.01"/>
  <testcase name="test_synthetic_00003" classname="com.example.SyntheticSuite" time="0.01"/>
  <testcase name="test_synthetic_00004" classname="com.example.SyntheticSuite" time="0.01"/>
  <testcase name="test_synthetic_00005" classname="com.example.SyntheticSuite" time="0.01"/>
  <testcase name="test_synthetic_00006" classname="com.example.SyntheticSuite" time="0.01"/>
  <testcase name="test_synthetic_00007" classname="com.example.SyntheticSuite" time="0.01"/>
  <testcase name="test_synthetic_00008" classname="com.example.SyntheticSuite" time="0.01"/>
  <testcase name="test_synthetic_00009" classname="com.example.SyntheticSuite" time="0.01"/>
  <testcase name="test_synthetic_00010" classname="com.example.SyntheticSuite" time="0.01"/>
  <testcase name="test_synthetic_00011" classname="com.example.SyntheticSuite" time="0.01"/>
  <testcase name="test_synthetic_00012" classname="com.example.SyntheticSuite" time="0.01"/>
  <testcase name="test_synthetic_00013" classname="com.example.SyntheticSuite" time="0.01"/>
  <testcase name="test_synthetic_00014" classname="com.example.SyntheticSuite" time="0.01"/>
  <testcase name="test_synthetic_00015" classname="com.example.SyntheticSuite" time="0.01"/>
  <testcase name="test_synthetic_00016" classname="com.example.SyntheticSuite" time="0.01"/>
  <testcase name="test_synthetic_00017" classname="com.example.SyntheticSuite" time="0.01"/>
  <testcase name="test_synthetic_00018" classname="com.example.SyntheticSuite" time="0.01"/>
  <testcase name="test_synthetic_00019" classname="com.example.SyntheticSuite" time="0.01"/>
  <testcase name="test_synthetic_00020" classname="com.example.SyntheticSuite" time="0.01"/>
  <testcase name="test_synthetic_00021" classname="com.example.SyntheticSuite" time="0.01"/>
  <testcase name="test_synthetic_00022" classname="com.example.SyntheticSuite" time="0.01"/>
  <testcase name="test_synthetic_00023" classname="com.example.SyntheticSuite" time="0.01"/>
  <testcase name="test_synthetic_00024" classname="com.example.SyntheticSuite" time="0.01"/>
  <testcase name="test_synthetic_00025" classname="com.example.SyntheticSuite" time="0.01"/>
  <testcase name="test_synthetic_00026" classname="com.example.SyntheticSuite" time="0.01"/>
  <testcase name="test_synthetic_00027" classname="com.example.SyntheticSuite" time="0.01"/>
  <testcase name="test_synthetic_00028" classname="com.example.SyntheticSuite" time="0.01"/>
  <testcase name="test_synthetic_00029" classname="com.example.SyntheticSuite" time="0.01"/>
  <testcase name="test_synthetic_00030" classname="com.example.SyntheticSuite" time="0.01"/>
  <testcase name="test_synthetic_00031" classname="com.example.SyntheticSuite" time="0.01"/>
  <testcase name="test_synthetic_00032" classname="com.example.SyntheticSuite" time="0.01"/>
  <testcase name="test_synthetic_00033" classname="com.example.SyntheticSuite" time="0.01"/>
  <testcase name="test_synthetic_00034" classname="com.example.SyntheticSuite" time="0.01"/>
  <testcase name="test_synthetic_00035" classname="com.example.SyntheticSuite" time="0.01"/>
  <testcase name="test_synthetic_00036" classname="com.example.SyntheticSuite" time="0.01"/>
  <testcase name="test_synthetic_00037" classname="com.example.SyntheticSuite" time="0.01"/>
  <testcase name="test_synthetic_00038" classname="com.example.SyntheticSuite" time="0.01"/>
  <testcase name="test_synthetic_00039" classname="com.example.SyntheticSuite" time="0.01"/>
  <testcase name="test_synthetic_00040" classname="com.example.SyntheticSuite" time="0.01"/>
  <testcase name="test_synthetic_00041" classname="com.example.SyntheticSuite" time="0.01"/>
  <testcase name="test_synthetic_00042" classname="com.example.SyntheticSuite" time="0.01"/>
  <testcase name="test_synthetic_00043" classname="com.example.SyntheticSuite" time="0.01"/>
  <testcase name="test_synthetic_00044" classname="com.example.SyntheticSuite" time="0.01"/>
  <testcase name="test_synthetic_00045" classname="com.example.SyntheticSuite" time="0.01"/>
  <testcase name="test_synthetic_00046" classname="com.example.SyntheticSuite" time="0.01"/>
  <testcase name="test_synthetic_00047" classname="com.example.SyntheticSuite" time="0.01"/>
  <testcase name="test_synthetic_00048" classname="com.example.SyntheticSuite" time="0.01"/>
  <testcase name="test_synthetic_00049" classname="com.example.SyntheticSuite" time="0.01"/>
  <testcase name="test_synthetic_00050" classname="com.example.SyntheticSuite" time="0.01"/>
  <testcase name="test_synthetic_00051" classname="com.example.SyntheticSuite" time="0.01"/>
  <testcase name="test_synthetic_00052" classname="com.example.SyntheticSuite" time="0.01"/>
  <testcase name="test_synthetic_00053" classname="com.example.SyntheticSuite" time="0.01"/>
  <testcase name="test_synthetic_00054" classname="com.example.SyntheticSuite" time="0.01"/>
  <testcase name="test_synthetic_00055" classname="com.example.SyntheticSuite" time="0.01"/>
  <testcase name="test_synthetic_00056" classname="com.example.SyntheticSuite" time="0.01"/>
  <testcase name="test_synthetic_00057" classname="com.example.SyntheticSuite" time="0.01"/>
  <testcase name="test_synthetic_00058" classname="com.example.SyntheticSuite" time="0.01"/>
  <testcase name="test_synthetic_00059" classname="com.example.SyntheticSuite" time="0.01"/>
  <testcase name="test_synthetic_00060" classname="com.example.SyntheticSuite" time="0.01"/>
  <testcase name="test_synthetic_00061" classname="com.example.SyntheticSuite" time="0.01"/>
  <testcase name="test_synthetic_00062" classname="com.example.SyntheticSuite" time="0.01"/>
  <testcase name="test_synthetic_00063" classname="com.example.SyntheticSuite" time="0.01"/>
  <testcase name="test_synthetic_00064" classname="com.example.SyntheticSuite" time="0.01"/>
  <testcase name="test_synthetic_00065" classname="com.example.SyntheticSuite" time="0.01"/>
  <testcase name="test_synthetic_00066" classname="com.example.SyntheticSuite" time="0.01"/>
  <testcase name="test_synthetic_00067" classname="com.example.SyntheticSuite" time="0.01"/>
  <testcase name="test_synthetic_00068" classname="com.example.SyntheticSuite" time="0.01"/>
  <testcase name="test_synthetic_00069" classname="com.example.SyntheticSuite" time="0.01"/>
  <testcase name="test_synthetic_00070" classname="com.example.SyntheticSuite" time="0.01"/>
  <testcase name="test_synthetic_00071" classname="com.example.SyntheticSuite" time="0.01"/>
  <testcase name="test_synthetic_00072" classname="com.example.SyntheticSuite" time="0.01"/>
  <testcase name="test_synthetic_00073" classname="com.example.SyntheticSuite" time="0.01"/>
  <testcase name="test_synthetic_00074" classname="com.example.SyntheticSuite" time="0.01"/>
  <testcase name="test_synthetic_00075" classname="com.example.SyntheticSuite" time="0.01"/>
  <testcase name="test_synthetic_00076" classname="com.example.SyntheticSuite" time="0.01"/>
  <testcase name="test_synthetic_00077" classname="com.example.SyntheticSuite" time="0.01"/>
  <testcase name="test_synthetic_00078" classname="com.example.SyntheticSuite" time="0.01"/>
  <testcase name="test_synthetic_00079" classname="com.example.SyntheticSuite" time="0.01"/>
  <testcase name="test_synthetic_00080" classname="com.example.SyntheticSuite" time="0.01"/>
  <testcase name="test_synthetic_00081" classname="com.example.SyntheticSuite" time="0.01"/>
  <testcase name="test_synthetic_00082" classname="com.example.SyntheticSuite" time="0.01"/>
  <testcase name="test_synthetic_00083" classname="com.example.SyntheticSuite" time="0.01"/>
  <testcase name="test_synthetic_00084" classname="com.example.SyntheticSuite" time="0.01"/>
  <testcase name="test_synthetic_00085" classname="com.example.SyntheticSuite" time="0.01"/>
  <testcase name="test_synthetic_00086" classname="com.example.SyntheticSuite" time="0.01"/>
  <testcase name="test_synthetic_00087" classname="com.example.SyntheticSuite" time="0.01"/>
  <testcase name="test_synthetic_00088" classname="com.example.SyntheticSuite" time="0.01"/>
  <testcase name="test_synthetic_00089" classname="com.example.SyntheticSuite" time="0.01"/>
  <testcase name="test_synthetic_00090" classname="com.example.SyntheticSuite" time="0.01"/>
  <testcase name="test_synthetic_00091" classname="com.example.SyntheticSuite" time="0.01"/>
  <testcase name="test_synthetic_00092" classname="com.example.SyntheticSuite" time="0.01"/>
  <testcase name="test_synthetic_00093" classname="com.example.SyntheticSuite" time="0.01"/>
  <testcase name="test_synthetic_00094" classname="com.example.SyntheticSuite" time="0.01"/>
  <testcase name="test_synthetic_00095" classname="com.example.SyntheticSuite" time="0.01"/>
  <testcase name="test_synthetic_00096" classname="com.example.SyntheticSuite" time="0.01"/>
  <testcase name="test_synthetic_00097" classname="com.example.SyntheticSuite" time="0.01"/>
  <testcase name="test_synthetic_00098" classname="com.example.SyntheticSuite" time="0.01"/>
  <testcase name="test_synthetic_00099" classname="com.example.SyntheticSuite" time="0.01"/>
  <testcase name="test_synthetic_00100" classname="com.example.SyntheticSuite" time="0.01">
    <failure message="Synthetic failure at 100">Assertion failed at iteration 100</failure>
  </testcase>
  <testcase name="test_synthetic_00101" classname="com.example.SyntheticSuite" time="0.01"/>
  <testcase name="test_synthetic_00102" classname="com.example.SyntheticSuite" time="0.01"/>
  <testcase name="test_synthetic_00103" classname="com.example.SyntheticSuite" time="0.01"/>
  <testcase name="test_synthetic_00104" classname="com.example.SyntheticSuite" time="0.01"/>
  <testcase name="test_synthetic_00105" classname="com.example.SyntheticSuite" time="0.01"/>
  <testcase name="test_synthetic_00106" classname="com.example.SyntheticSuite" time="0.01"/>
  <testcase name="test_synthetic_00107" classname="com.example.SyntheticSuite" time="0.01"/>
  <testcase name="test_synthetic_00108" classname="com.example.SyntheticSuite" time="0.01"/>
  <testcase name="test_synthetic_00109" classname="com.example.SyntheticSuite" time="0.01"/>
  <testcase name="test_synthetic_00110" classname="com.example.SyntheticSuite" time="0.01"/>
  <testcase name="test_synthetic_00111" classname="com.example.SyntheticSuite" time="0.01"/>
  <testcase name="test_synthetic_00112" classname="com.example.SyntheticSuite" time="0.01"/>
  <testcase name="test_synthetic_00113" classname="com.example.SyntheticSuite" time="0.01"/>
  <testcase name="test_synthetic_00114" classname="com.example.SyntheticSuite" time="0.01"/>
  <testcase name="test_synthetic_00115" classname="com.example.SyntheticSuite" time="0.01"/>
  <testcase name="test_synthetic_00116" classname="com.example.SyntheticSuite" time="0.01"/>
  <testcase name="test_synthetic_00117" classname="com.example.SyntheticSuite" time="0.01"/>
  <testcase name="test_synthetic_00118" classname="com.example.SyntheticSuite" time="0.01"/>
  <testcase name="test_synthetic_00119" classname="com.example.SyntheticSuite" time="0.01"/>
  <testcase name="test_synthetic_00120" classname="com.example.SyntheticSuite" time="0.01"/>
  <testcase name="test_synthetic_00121" classname="com.example.SyntheticSuite" time="0.01"/>
  <testcase name="test_synthetic_00122" classname="com.example.SyntheticSuite" time="0.01"/>
  <testcase name="test_synthetic_00123" classname="com.example.SyntheticSuite" time="0.01"/>
  <testcase name="test_synthetic_00124" classname="com.example.SyntheticSuite" time="0.01"/>
  <testcase name="test_synthetic_00125" classname="com.example.SyntheticSuite" time="0.01"/>
  <testcase name="test_synthetic_00126" classname="com.example.SyntheticSuite" time="0.01"/>
  <testcase name="test_synthetic_00127" classname="com.example.SyntheticSuite" time="0.01"/>
  <testcase name="test_synthetic_00128" classname="com.example.SyntheticSuite" time="0.01"/>
  <testcase name="test_synthetic_00129" classname="com.example.SyntheticSuite" time="0.01"/>
  <testcase name="test_synthetic_00130" classname="com.example.SyntheticSuite" time="0.01"/>
  <testcase name="test_synthetic_00131" classname="com.example.SyntheticSuite" time="0.01"/>
  <testcase name="test_synthetic_00132" classname="com.example.SyntheticSuite" time="0.01"/>
  <testcase name="test_synthetic_00133" classname="com.example.SyntheticSuite" time="0.01"/>
  <testcase name="test_synthetic_00134" classname="com.example.SyntheticSuite" time="0.01"/>
  <testcase name="test_synthetic_00135" classname="com.example.SyntheticSuite" time="0.01"/>
  <testcase name="test_synthetic_00136" classname="com.example.SyntheticSuite" time="0.01"/>
  <testcase name="test_synthetic_00137" classname="com.example.SyntheticSuite" time="0.01"/>
  <testcase name="test_synthetic_00138" classname="com.example.SyntheticSuite" time="0.01"/>
  <testcase name="test_synthetic_00139" classname="com.example.SyntheticSuite" time="0.01"/>
  <testcase name="test_synthetic_00140" classname="com.example.SyntheticSuite" time="0.01"/>
  <testcase name="test_synthetic_00141" classname="com.example.SyntheticSuite" time="0.01"/>
  <testcase name="test_synthetic_00142" classname="com.example.SyntheticSuite" time="0.01"/>
  <testcase name="test_synthetic_00143" classname="com.example.SyntheticSuite" time="0.01"/>
  <testcase name="test_synthetic_00144" classname="com.example.SyntheticSuite" time="0.01"/>
  <testcase name="test_synthetic_00145" classname="com.example.SyntheticSuite" time="0.01"/>
  <testcase name="test_synthetic_00146" classname="com.example.SyntheticSuite" time="0.01"/>
  <testcase name="test_synthetic_00147" classname="com.example.SyntheticSuite" time="0.01"/>
  <testcase name="test_synthetic_00148" classname="com.example.SyntheticSuite" time="0.01"/>
  <testcase name="test_synthetic_00149" classname="com.example.SyntheticSuite" time="0.01"/>
  <testcase name="test_synthetic_00150" classname="com.example.SyntheticSuite" time="0.01"/>
  <testcase name="test_synthetic_00151" classname="com.example.SyntheticSuite" time="0.01"/>
  <testcase name="test_synthetic_00152" classname="com.example.SyntheticSuite" time="0.01"/>
  <testcase name="test_synthetic_00153" classname="com.example.SyntheticSuite" time="0.01"/>
  <testcase name="test_synthetic_00154" classname="com.example.SyntheticSuite" time="0.01"/>
  <testcase name="test_synthetic_00155" classname="com.example.SyntheticSuite" time="0.01"/>
  <testcase name="test_synthetic_00156" classname="com.example.SyntheticSuite" time="0.01"/>
  <testcase name="test_synthetic_00157" classname="com.example.SyntheticSuite" time="0.01"/>
  <testcase name="test_synthetic_00158" classname="com.example.SyntheticSuite" time="0.01"/>
  <testcase name="test_synthetic_00159" classname="com.example.SyntheticSuite" time="0.01"/>
  <testcase name="test_synthetic_00160" classname="com.example.SyntheticSuite" time="0.01"/>
  <testcase name="test_synthetic_00161" classname="com.example.SyntheticSuite" time="0.01"/>
  <testcase name="test_synthetic_00162" classname="com.example.SyntheticSuite" time="0.01"/>
  <testcase name="test_synthetic_00163" classname="com.example.SyntheticSuite" time="0.01"/>
  <testcase name="test_synthetic_00164" classname="com.example.SyntheticSuite" time="0.01"/>
  <testcase name="test_synthetic_00165" classname="com.example.SyntheticSuite" time="0.01"/>
  <testcase name="test_synthetic_00166" classname="com.example.SyntheticSuite" time="0.01"/>
  <testcase name="test_synthetic_00167" classname="com.example.SyntheticSuite" time="0.01"/>
  <testcase name="test_synthetic_00168" classname="com.example.SyntheticSuite" time="0.01"/>
  <testcase name="test_synthetic_00169" classname="com.example.SyntheticSuite" time="0.01"/>
  <testcase name="test_synthetic_00170" classname="com.example.SyntheticSuite" time="0.01"/>
  <testcase name="test_synthetic_00171" classname="com.example.SyntheticSuite" time="0.01"/>
  <testcase name="test_synthetic_00172" classname="com.example.SyntheticSuite" time="0.01"/>
  <testcase name="test_synthetic_00173" classname="com.example.SyntheticSuite" time="0.01"/>
  <testcase name="test_synthetic_00174" classname="com.example.SyntheticSuite" time="0.01"/>
  <testcase name="test_synthetic_00175" classname="com.example.SyntheticSuite" time="0.01"/>
  <testcase name="test_synthetic_00176" classname="com.example.SyntheticSuite" time="0.01"/>
  <testcase name="test_synthetic_00177" classname="com.example.SyntheticSuite" time="0.01"/>
  <testcase name="test_synthetic_00178" classname="com.example.SyntheticSuite" time="0.01"/>
  <testcase name="test_synthetic_00179" classname="com.example.SyntheticSuite" time="0.01"/>
  <testcase name="test_synthetic_00180" classname="com.example.SyntheticSuite" time="0.01"/>
  <testcase name="test_synthetic_00181" classname="com.example.SyntheticSuite" time="0.01"/>
  <testcase name="test_synthetic_00182" classname="com.example.SyntheticSuite" time="0.01"/>
  <testcase name="test_synthetic_00183" classname="com.example.SyntheticSuite" time="0.01"/>
  <testcase name="test_synthetic_00184" classname="com.example.SyntheticSuite" time="0.01"/>
  <testcase name="test_synthetic_00185" classname="com.example.SyntheticSuite" time="0.01"/>
  <testcase name="test_synthetic_00186" classname="com.example.SyntheticSuite" time="0.01"/>
  <testcase name="test_synthetic_00187" classname="com.example.SyntheticSuite" time="0.01"/>
  <testcase name="test_synthetic_00188" classname="com.example.SyntheticSuite" time="0.01"/>
  <testcase name="test_synthetic_00189" classname="com.example.SyntheticSuite" time="0.01"/>
  <testcase name="test_synthetic_00190" classname="com.example.SyntheticSuite" time="0.01"/>
  <testcase name="test_synthetic_00191" classname="com.example.SyntheticSuite" time="0.01"/>
  <testcase name="test_synthetic_00192" classname="com.example.SyntheticSuite" time="0.01"/>
  <testcase name="test_synthetic_00193" classname="com.example.SyntheticSuite" time="0.01"/>
  <testcase name="test_synthetic_00194" classname="com.example.SyntheticSuite" time="0.01"/>
  <testcase name="test_synthetic_00195" classname="com.example.SyntheticSuite" time="0.01"/>
  <testcase name="test_synthetic_00196" classname="com.example.SyntheticSuite" time="0.01"/>
  <testcase name="test_synthetic_00197" classname="com.example.SyntheticSuite" time="0.01"/>
  <testcase name="test_synthetic_00198" classname="com.example.SyntheticSuite" time="0.01"/>
  <testcase name="test_synthetic_00199" classname="com.example.SyntheticSuite" time="0.01"/>
  <testcase name="test_synthetic_00200" classname="com.example.SyntheticSuite" time="0.01">
    <failure message="Synthetic failure at 200">Assertion failed at iteration 200</failure>
  </testcase>
  <testcase name="test_synthetic_00201" classname="com.example.SyntheticSuite" time="0.01"/>
  <testcase name="test_synthetic_00202" classname="com.example.SyntheticSuite" time="0.01"/>
  <testcase name="test_synthetic_00203" classname="com.example.SyntheticSuite" time="0.01"/>
  <testcase name="test_synthetic_00204" classname="com.example.SyntheticSuite" time="0.01"/>
  <testcase name="test_synthetic_00205" classname="com.example.SyntheticSuite" time="0.01"/>
  <testcase name="test_synthetic_00206" classname="com.example.SyntheticSuite" time="0.01"/>
  <testcase name="test_synthetic_00207" classname="com.example.SyntheticSuite" time="0.01"/>
  <testcase name="test_synthetic_00208" classname="com.example.SyntheticSuite" time="0.01"/>
  <testcase name="test_synthetic_00209" classname="com.example.SyntheticSuite" time="0.01"/>
  <testcase name="test_synthetic_00210" classname="com.example.SyntheticSuite" time="0.01"/>
  <testcase name="test_synthetic_00211" classname="com.example.SyntheticSuite" time="0.01"/>
  <testcase name="test_synthetic_00212" classname="com.example.SyntheticSuite" time="0.01"/>
  <testcase name="test_synthetic_00213" classname="com.example.SyntheticSuite" time="0.01"/>
  <testcase name="test_synthetic_00214" classname="com.example.SyntheticSuite" time="0.01"/>
  <testcase name="test_synthetic_00215" classname="com.example.SyntheticSuite" time="0.01"/>
  <testcase name="test_synthetic_00216" classname="com.example.SyntheticSuite" time="0.01"/>
  <testcase name="test_synthetic_00217" classname="com.example.SyntheticSuite" time="0.01"/>
  <testcase name="test_synthetic_00218" classname="com.example.SyntheticSuite" time="0.01"/>
  <testcase name="test_synthetic_00219" classname="com.example.SyntheticSuite" time="0.01"/>
  <testcase name="test_synthetic_00220" classname="com.example.SyntheticSuite" time="0.01"/>
  <testcase name="test_synthetic_00221" classname="com.example.SyntheticSuite" time="0.01"/>
  <testcase name="test_synthetic_00222" classname="com.example.SyntheticSuite" time="0.01"/>
  <testcase name="test_synthetic_00223" classname="com.example.SyntheticSuite" time="0.01"/>
  <testcase name="test_synthetic_00224" classname="com.example.SyntheticSuite" time="0.01"/>
  <testcase name="test_synthetic_00225" classname="com.example.SyntheticSuite" time="0.01"/>
  <testcase name="test_synthetic_00226" classname="com.example.SyntheticSuite" time="0.01"/>
  <testcase name="test_synthetic_00227" classname="com.example.SyntheticSuite" time="0.01"/>
  <testcase name="test_synthetic_00228" classname="com.example.SyntheticSuite" time="0.01"/>
  <testcase name="test_synthetic_00229" classname="com.example.SyntheticSuite" time="0.01"/>
  <testcase name="test_synthetic_00230" classname="com.example.SyntheticSuite" time="0.01"/>
  <testcase name="test_synthetic_00231" classname="com.example.SyntheticSuite" time="0.01"/>
  <testcase name="test_synthetic_00232" classname="com.example.SyntheticSuite" time="0.01"/>
  <testcase name="test_synthetic_00233" classname="com.example.SyntheticSuite" time="0.01"/>
  <testcase name="test_synthetic_00234" classname="com.example.SyntheticSuite" time="0.01"/>
  <testcase name="test_synthetic_00235" classname="com.example.SyntheticSuite" time="0.01"/>
  <testcase name="test_synthetic_00236" classname="com.example.SyntheticSuite" time="0.01"/>
  <testcase name="test_synthetic_00237" classname="com.example.SyntheticSuite" time="0.01"/>
  <testcase name="test_synthetic_00238" classname="com.example.SyntheticSuite" time="0.01"/>
  <testcase name="test_synthetic_00239" classname="com.example.SyntheticSuite" time="0.01"/>
  <testcase name="test_synthetic_00240" classname="com.example.SyntheticSuite" time="0.01"/>
  <testcase name="test_synthetic_00241" classname="com.example.SyntheticSuite" time="0.01"/>
  <testcase name="test_synthetic_00242" classname="com.example.SyntheticSuite" time="0.01"/>
  <testcase name="test_synthetic_00243" classname="com.example.SyntheticSuite" time="0.01"/>
  <testcase name="test_synthetic_00244" classname="com.example.SyntheticSuite" time="0.01"/>
  <testcase name="test_synthetic_00245" classname="com.example.SyntheticSuite" time="0.01"/>
  <testcase name="test_synthetic_00246" classname="com.example.SyntheticSuite" time="0.01"/>
  <testcase name="test_synthetic_00247" classname="com.example.SyntheticSuite" time="0.01"/>
  <testcase name="test_synthetic_00248" classname="com.example.SyntheticSuite" time="0.01"/>
  <testcase name="test_synthetic_00249" classname="com.example.SyntheticSuite" time="0.01"/>
  <testcase name="test_synthetic_00250" classname="com.example.SyntheticSuite" time="0.01"/>
  <testcase name="test_synthetic_00251" classname="com.example.SyntheticSuite" time="0.01"/>
  <testcase name="test_synthetic_00252" classname="com.example.SyntheticSuite" time="0.01"/>
  <testcase name="test_synthetic_00253" classname="com.example.SyntheticSuite" time="0.01"/>
  <testcase name="test_synthetic_00254" classname="com.example.SyntheticSuite" time="0.01"/>
  <testcase name="test_synthetic_00255" classname="com.example.SyntheticSuite" time="0.01"/>
  <testcase name="test_synthetic_00256" classname="com.example.SyntheticSuite" time="0.01"/>
  <testcase name="test_synthetic_00257" classname="com.example.SyntheticSuite" time="0.01"/>
  <testcase name="test_synthetic_00258" classname="com.example.SyntheticSuite" time="0.01"/>
  <testcase name="test_synthetic_00259" classname="com.example.SyntheticSuite" time="0.01"/>
  <testcase name="test_synthetic_00260" classname="com.example.SyntheticSuite" time="0.01"/>
  <testcase name="test_synthetic_00261" classname="com.example.SyntheticSuite" time="0.01"/>
  <testcase name="test_synthetic_00262" classname="com.example.SyntheticSuite" time="0.01"/>
  <testcase name="test_synthetic_00263" classname="com.example.SyntheticSuite" time="0.01"/>
  <testcase name="test_synthetic_00264" classname="com.example.SyntheticSuite" time="0.01"/>
  <testcase name="test_synthetic_00265" classname="com.example.SyntheticSuite" time="0.01"/>
  <testcase name="test_synthetic_00266" classname="com.example.SyntheticSuite" time="0.01"/>
  <testcase name="test_synthetic_00267" classname="com.example.SyntheticSuite" time="0.01"/>
  <testcase name="test_synthetic_00268" classname="com.example.SyntheticSuite" time="0.01"/>
  <testcase name="test_synthetic_00269" classname="com.example.SyntheticSuite" time="0.01"/>
  <testcase name="test_synthetic_00270" classname="com.example.SyntheticSuite" time="0.01"/>
  <testcase name="test_synthetic_00271" classname="com.example.SyntheticSuite" time="0.01"/>
  <testcase name="test_synthetic_00272" classname="com.example.SyntheticSuite" time="0.01"/>
  <testcase name="test_synthetic_00273" classname="com.example.SyntheticSuite" time="0.01"/>
  <testcase name="test_synthetic_00274" classname="com.example.SyntheticSuite" time="0.01"/>
  <testcase name="test_synthetic_00275" classname="com.example.SyntheticSuite" time="0.01"/>
  <testcase name="test_synthetic_00276" classname="com.example.SyntheticSuite" time="0.01"/>
  <testcase name="test_synthetic_00277" classname="com.example.SyntheticSuite" time="0.01"/>
  <testcase name="test_synthetic_00278" classname="com.example.SyntheticSuite" time="0.01"/>
  <testcase name="test_synthetic_00279" classname="com.example.SyntheticSuite" time="0.01"/>
  <testcase name="test_synthetic_00280" classname="com.example.SyntheticSuite" time="0.01"/>
  <testcase name="test_synthetic_00281" classname="com.example.SyntheticSuite" time="0.01"/>
  <testcase name="test_synthetic_00282" classname="com.example.SyntheticSuite" time="0.01"/>
  <testcase name="test_synthetic_00283" classname="com.example.SyntheticSuite" time="0.01"/>
  <testcase name="test_synthetic_00284" classname="com.example.SyntheticSuite" time="0.01"/>
  <testcase name="test_synthetic_00285" classname="com.example.SyntheticSuite" time="0.01"/>
  <testcase name="test_synthetic_00286" classname="com.example.SyntheticSuite" time="0.01"/>
  <testcase name="test_synthetic_00287" classname="com.example.SyntheticSuite" time="0.01"/>
  <testcase name="test_synthetic_00288" classname="com.example.SyntheticSuite" time="0.01"/>
  <testcase name="test_synthetic_00289" classname="com.example.SyntheticSuite" time="0.01"/>
  <testcase name="test_synthetic_00290" classname="com.example.SyntheticSuite" time="0.01"/>
  <testcase name="test_synthetic_00291" classname="com.example.SyntheticSuite" time="0.01"/>
  <testcase name="test_synthetic_00292" classname="com.example.SyntheticSuite" time="0.01"/>
  <testcase name="test_synthetic_00293" classname="com.example.SyntheticSuite" time="0.01"/>
  <testcase name="test_synthetic_00294" classname="com.example.SyntheticSuite" time="0.01"/>
  <testcase name="test_synthetic_00295" classname="com.example.SyntheticSuite" time="0.01"/>
  <testcase name="test_synthetic_00296" classname="com.example.SyntheticSuite" time="0.01"/>
  <testcase name="test_synthetic_00297" classname="com.example.SyntheticSuite" time="0.01"/>
  <testcase name="test_synthetic_00298" classname="com.example.SyntheticSuite" time="0.01"/>
  <testcase name="test_synthetic_00299" classname="com.example.SyntheticSuite" time="0.01"/>
  <testcase name="test_synthetic_00300" classname="com.example.SyntheticSuite" time="0.01">
    <failure message="Synthetic failure at 300">Assertion failed at iteration 300</failure>
  </testcase>
  <testcase name="test_synthetic_00301" classname="com.example.SyntheticSuite" time="0.01"/>
  <testcase name="test_synthetic_00302" classname="com.example.SyntheticSuite" time="0.01"/>
  <testcase name="test_synthetic_00303" classname="com.example.SyntheticSuite" time="0.01"/>
  <testcase name="test_synthetic_00304" classname="com.example.SyntheticSuite" time="0.01"/>
  <testcase name="test_synthetic_00305" classname="com.example.SyntheticSuite" time="0.01"/>
  <testcase name="test_synthetic_00306" classname="com.example.SyntheticSuite" time="0.01"/>
  <testcase name="test_synthetic_00307" classname="com.example.SyntheticSuite" time="0.01"/>
  <testcase name="test_synthetic_00308" classname="com.example.SyntheticSuite" time="0.01"/>
  <testcase name="test_synthetic_00309" classname="com.example.SyntheticSuite" time="0.01"/>
  <testcase name="test_synthetic_00310" classname="com.example.SyntheticSuite" time="0.01"/>
  <testcase name="test_synthetic_00311" classname="com.example.SyntheticSuite" time="0.01"/>
  <testcase name="test_synthetic_00312" classname="com.example.SyntheticSuite" time="0.01"/>
  <testcase name="test_synthetic_00313" classname="com.example.SyntheticSuite" time="0.01"/>
  <testcase name="test_synthetic_00314" classname="com.example.SyntheticSuite" time="0.01"/>
  <testcase name="test_synthetic_00315" classname="com.example.SyntheticSuite" time="0.01"/>
  <testcase name="test_synthetic_00316" classname="com.example.SyntheticSuite" time="0.01"/>
  <testcase name="test_synthetic_00317" classname="com.example.SyntheticSuite" time="0.01"/>
  <testcase name="test_synthetic_00318" classname="com.example.SyntheticSuite" time="0.01"/>
  <testcase name="test_synthetic_00319" classname="com.example.SyntheticSuite" time="0.01"/>
  <testcase name="test_synthetic_00320" classname="com.example.SyntheticSuite" time="0.01"/>
  <testcase name="test_synthetic_00321" classname="com.example.SyntheticSuite" time="0.01"/>
  <testcase name="test_synthetic_00322" classname="com.example.SyntheticSuite" time="0.01"/>
  <testcase name="test_synthetic_00323" classname="com.example.SyntheticSuite" time="0.01"/>
  <testcase name="test_synthetic_00324" classname="com.example.SyntheticSuite" time="0.01"/>
  <testcase name="test_synthetic_00325" classname="com.example.SyntheticSuite" time="0.01"/>
  <testcase name="test_synthetic_00326" classname="com.example.SyntheticSuite" time="0.01"/>
  <testcase name="test_synthetic_00327" classname="com.example.SyntheticSuite" time="0.01"/>
  <testcase name="test_synthetic_00328" classname="com.example.SyntheticSuite" time="0.01"/>
  <testcase name="test_synthetic_00329" classname="com.example.SyntheticSuite" time="0.01"/>
  <testcase name="test_synthetic_00330" classname="com.example.SyntheticSuite" time="0.01"/>
  <testcase name="test_synthetic_00331" classname="com.example.SyntheticSuite" time="0.01"/>
  <testcase name="test_synthetic_00332" classname="com.example.SyntheticSuite" time="0.01"/>
  <testcase name="test_synthetic_00333" classname="com.example.SyntheticSuite" time="0.01"/>
  <testcase name="test_synthetic_00334" classname="com.example.SyntheticSuite" time="0.01"/>
  <testcase name="test_synthetic_00335" classname="com.example.SyntheticSuite" time="0.01"/>
  <testcase name="test_synthetic_00336" classname="com.example.SyntheticSuite" time="0.01"/>
  <testcase name="test_synthetic_00337" classname="com.example.SyntheticSuite" time="0.01"/>
  <testcase name="test_synthetic_00338" classname="com.example.SyntheticSuite" time="0.01"/>
  <testcase name="test_synthetic_00339" classname="com.example.SyntheticSuite" time="0.01"/>
  <testcase name="test_synthetic_00340" classname="com.example.SyntheticSuite" time="0.01"/>
  <testcase name="test_synthetic_00341" classname="com.example.SyntheticSuite" time="0.01"/>
  <testcase name="test_synthetic_00342" classname="com.example.SyntheticSuite" time="0.01"/>
  <testcase name="test_synthetic_00343" classname="com.example.SyntheticSuite" time="0.01"/>
  <testcase name="test_synthetic_00344" classname="com.example.SyntheticSuite" time="0.01"/>
  <testcase name="test_synthetic_00345" classname="com.example.SyntheticSuite" time="0.01"/>
  <testcase name="test_synthetic_00346" classname="com.example.SyntheticSuite" time="0.01"/>
  <testcase name="test_synthetic_00347" classname="com.example.SyntheticSuite" time="0.01"/>
  <testcase name="test_synthetic_00348" classname="com.example.SyntheticSuite" time="0.01"/>
  <testcase name="test_synthetic_00349" classname="com.example.SyntheticSuite" time="0.01"/>
  <testcase name="test_synthetic_00350" classname="com.example.SyntheticSuite" time="0.01"/>
  <testcase name="test_synthetic_00351" classname="com.example.SyntheticSuite" time="0.01"/>
  <testcase name="test_synthetic_00352" classname="com.example.SyntheticSuite" time="0.01"/>
  <testcase name="test_synthetic_00353" classname="com.example.SyntheticSuite" time="0.01"/>
  <testcase name="test_synthetic_00354" classname="com.example.SyntheticSuite" time="0.01"/>
  <testcase name="test_synthetic_00355" classname="com.example.SyntheticSuite" time="0.01"/>
  <testcase name="test_synthetic_00356" classname="com.example.SyntheticSuite" time="0.01"/>
  <testcase name="test_synthetic_00357" classname="com.example.SyntheticSuite" time="0.01"/>
  <testcase name="test_synthetic_00358" classname="com.example.SyntheticSuite" time="0.01"/>
  <testcase name="test_synthetic_00359" classname="com.example.SyntheticSuite" time="0.01"/>
  <testcase name="test_synthetic_00360" classname="com.example.SyntheticSuite" time="0.01"/>
  <testcase name="test_synthetic_00361" classname="com.example.SyntheticSuite" time="0.01"/>
  <testcase name="test_synthetic_00362" classname="com.example.SyntheticSuite" time="0.01"/>
  <testcase name="test_synthetic_00363" classname="com.example.SyntheticSuite" time="0.01"/>
  <testcase name="test_synthetic_00364" classname="com.example.SyntheticSuite" time="0.01"/>
  <testcase name="test_synthetic_00365" classname="com.example.SyntheticSuite" time="0.01"/>
  <testcase name="test_synthetic_00366" classname="com.example.SyntheticSuite" time="0.01"/>
  <testcase name="test_synthetic_00367" classname="com.example.SyntheticSuite" time="0.01"/>
  <testcase name="test_synthetic_00368" classname="com.example.SyntheticSuite" time="0.01"/>
  <testcase name="test_synthetic_00369" classname="com.example.SyntheticSuite" time="0.01"/>
  <testcase name="test_synthetic_00370" classname="com.example.SyntheticSuite" time="0.01"/>
  <testcase name="test_synthetic_00371" classname="com.example.SyntheticSuite" time="0.01"/>
  <testcase name="test_synthetic_00372" classname="com.example.SyntheticSuite" time="0.01"/>
  <testcase name="test_synthetic_00373" classname="com.example.SyntheticSuite" time="0.01"/>
  <testcase name="test_synthetic_00374" classname="com.example.SyntheticSuite" time="0.01"/>
  <testcase name="test_synthetic_00375" classname="com.example.SyntheticSuite" time="0.01"/>
  <testcase name="test_synthetic_00376" classname="com.example.SyntheticSuite" time="0.01"/>
  <testcase name="test_synthetic_00377" classname="com.example.SyntheticSuite" time="0.01"/>
  <testcase name="test_synthetic_00378" classname="com.example.SyntheticSuite" time="0.01"/>
  <testcase name="test_synthetic_00379" classname="com.example.SyntheticSuite" time="0.01"/>
  <testcase name="test_synthetic_00380" classname="com.example.SyntheticSuite" time="0.01"/>
  <testcase name="test_synthetic_00381" classname="com.example.SyntheticSuite" time="0.01"/>
  <testcase name="test_synthetic_00382" classname="com.example.SyntheticSuite" time="0.01"/>
  <testcase name="test_synthetic_00383" classname="com.example.SyntheticSuite" time="0.01"/>
  <testcase name="test_synthetic_00384" classname="com.example.SyntheticSuite" time="0.01"/>
  <testcase name="test_synthetic_00385" classname="com.example.SyntheticSuite" time="0.01"/>
  <testcase name="test_synthetic_00386" classname="com.example.SyntheticSuite" time="0.01"/>
  <testcase name="test_synthetic_00387" classname="com.example.SyntheticSuite" time="0.01"/>
  <testcase name="test_synthetic_00388" classname="com.example.SyntheticSuite" time="0.01"/>
  <testcase name="test_synthetic_00389" classname="com.example.SyntheticSuite" time="0.01"/>
  <testcase name="test_synthetic_00390" classname="com.example.SyntheticSuite" time="0.01"/>
  <testcase name="test_synthetic_00391" classname="com.example.SyntheticSuite" time="0.01"/>
  <testcase name="test_synthetic_00392" classname="com.example.SyntheticSuite" time="0.01"/>
  <testcase name="test_synthetic_00393" classname="com.example.SyntheticSuite" time="0.01"/>
  <testcase name="test_synthetic_00394" classname="com.example.SyntheticSuite" time="0.01"/>
  <testcase name="test_synthetic_00395" classname="com.example.SyntheticSuite" time="0.01"/>
  <testcase name="test_synthetic_00396" classname="com.example.SyntheticSuite" time="0.01"/>
  <testcase name="test_synthetic_00397" classname="com.example.SyntheticSuite" time="0.01"/>
  <testcase name="test_synthetic_00398" classname="com.example.SyntheticSuite" time="0.01"/>
  <testcase name="test_synthetic_00399" classname="com.example.SyntheticSuite" time="0.01"/>
  <testcase name="test_synthetic_00400" classname="com.example.SyntheticSuite" time="0.01">
    <failure message="Synthetic failure at 400">Assertion failed at iteration 400</failure>
  </testcase>
  <testcase name="test_synthetic_00401" classname="com.example.SyntheticSuite" time="0.01"/>
  <testcase name="test_synthetic_00402" classname="com.example.SyntheticSuite" time="0.01"/>
  <testcase name="test_synthetic_00403" classname="com.example.SyntheticSuite" time="0.01"/>
  <testcase name="test_synthetic_00404" classname="com.example.SyntheticSuite" time="0.01"/>
  <testcase name="test_synthetic_00405" classname="com.example.SyntheticSuite" time="0.01"/>
  <testcase name="test_synthetic_00406" classname="com.example.SyntheticSuite" time="0.01"/>
  <testcase name="test_synthetic_00407" classname="com.example.SyntheticSuite" time="0.01"/>
  <testcase name="test_synthetic_00408" classname="com.example.SyntheticSuite" time="0.01"/>
  <testcase name="test_synthetic_00409" classname="com.example.SyntheticSuite" time="0.01"/>
  <testcase name="test_synthetic_00410" classname="com.example.SyntheticSuite" time="0.01"/>
  <testcase name="test_synthetic_00411" classname="com.example.SyntheticSuite" time="0.01"/>
  <testcase name="test_synthetic_00412" classname="com.example.SyntheticSuite" time="0.01"/>
  <testcase name="test_synthetic_00413" classname="com.example.SyntheticSuite" time="0.01"/>
  <testcase name="test_synthetic_00414" classname="com.example.SyntheticSuite" time="0.01"/>
  <testcase name="test_synthetic_00415" classname="com.example.SyntheticSuite" time="0.01"/>
  <testcase name="test_synthetic_00416" classname="com.example.SyntheticSuite" time="0.01"/>
  <testcase name="test_synthetic_00417" classname="com.example.SyntheticSuite" time="0.01"/>
  <testcase name="test_synthetic_00418" classname="com.example.SyntheticSuite" time="0.01"/>
  <testcase name="test_synthetic_00419" classname="com.example.SyntheticSuite" time="0.01"/>
  <testcase name="test_synthetic_00420" classname="com.example.SyntheticSuite" time="0.01"/>
  <testcase name="test_synthetic_00421" classname="com.example.SyntheticSuite" time="0.01"/>
  <testcase name="test_synthetic_00422" classname="com.example.SyntheticSuite" time="0.01"/>
  <testcase name="test_synthetic_00423" classname="com.example.SyntheticSuite" time="0.01"/>
  <testcase name="test_synthetic_00424" classname="com.example.SyntheticSuite" time="0.01"/>
  <testcase name="test_synthetic_00425" classname="com.example.SyntheticSuite" time="0.01"/>
  <testcase name="test_synthetic_00426" classname="com.example.SyntheticSuite" time="0.01"/>
  <testcase name="test_synthetic_00427" classname="com.example.SyntheticSuite" time="0.01"/>
  <testcase name="test_synthetic_00428" classname="com.example.SyntheticSuite" time="0.01"/>
  <testcase name="test_synthetic_00429" classname="com.example.SyntheticSuite" time="0.01"/>
  <testcase name="test_synthetic_00430" classname="com.example.SyntheticSuite" time="0.01"/>
  <testcase name="test_synthetic_00431" classname="com.example.SyntheticSuite" time="0.01"/>
  <testcase name="test_synthetic_00432" classname="com.example.SyntheticSuite" time="0.01"/>
  <testcase name="test_synthetic_00433" classname="com.example.SyntheticSuite" time="0.01"/>
  <testcase name="test_synthetic_00434" classname="com.example.SyntheticSuite" time="0.01"/>
  <testcase name="test_synthetic_00435" classname="com.example.SyntheticSuite" time="0.01"/>
  <testcase name="test_synthetic_00436" classname="com.example.SyntheticSuite" time="0.01"/>
  <testcase name="test_synthetic_00437" classname="com.example.SyntheticSuite" time="0.01"/>
  <testcase name="test_synthetic_00438" classname="com.example.SyntheticSuite" time="0.01"/>
  <testcase name="test_synthetic_00439" classname="com.example.SyntheticSuite" time="0.01"/>
  <testcase name="test_synthetic_00440" classname="com.example.SyntheticSuite" time="0.01"/>
  <testcase name="test_synthetic_00441" classname="com.example.SyntheticSuite" time="0.01"/>
  <testcase name="test_synthetic_00442" classname="com.example.SyntheticSuite" time="0.01"/>
  <testcase name="test_synthetic_00443" classname="com.example.SyntheticSuite" time="0.01"/>
  <testcase name="test_synthetic_00444" classname="com.example.SyntheticSuite" time="0.01"/>
  <testcase name="test_synthetic_00445" classname="com.example.SyntheticSuite" time="0.01"/>
  <testcase name="test_synthetic_00446" classname="com.example.SyntheticSuite" time="0.01"/>
  <testcase name="test_synthetic_00447" classname="com.example.SyntheticSuite" time="0.01"/>
  <testcase name="test_synthetic_00448" classname="com.example.SyntheticSuite" time="0.01"/>
  <testcase name="test_synthetic_00449" classname="com.example.SyntheticSuite" time="0.01"/>
  <testcase name="test_synthetic_00450" classname="com.example.SyntheticSuite" time="0.01"/>
  <testcase name="test_synthetic_00451" classname="com.example.SyntheticSuite" time="0.01"/>
  <testcase name="test_synthetic_00452" classname="com.example.SyntheticSuite" time="0.01"/>
  <testcase name="test_synthetic_00453" classname="com.example.SyntheticSuite" time="0.01"/>
  <testcase name="test_synthetic_00454" classname="com.example.SyntheticSuite" time="0.01"/>
  <testcase name="test_synthetic_00455" classname="com.example.SyntheticSuite" time="0.01"/>
  <testcase name="test_synthetic_00456" classname="com.example.SyntheticSuite" time="0.01"/>
  <testcase name="test_synthetic_00457" classname="com.example.SyntheticSuite" time="0.01"/>
  <testcase name="test_synthetic_00458" classname="com.example.SyntheticSuite" time="0.01"/>
  <testcase name="test_synthetic_00459" classname="com.example.SyntheticSuite" time="0.01"/>
  <testcase name="test_synthetic_00460" classname="com.example.SyntheticSuite" time="0.01"/>
  <testcase name="test_synthetic_00461" classname="com.example.SyntheticSuite" time="0.01"/>
  <testcase name="test_synthetic_00462" classname="com.example.SyntheticSuite" time="0.01"/>
  <testcase name="test_synthetic_00463" classname="com.example.SyntheticSuite" time="0.01"/>
  <testcase name="test_synthetic_00464" classname="com.example.SyntheticSuite" time="0.01"/>
  <testcase name="test_synthetic_00465" classname="com.example.SyntheticSuite" time="0.01"/>
  <testcase name="test_synthetic_00466" classname="com.example.SyntheticSuite" time="0.01"/>
  <testcase name="test_synthetic_00467" classname="com.example.SyntheticSuite" time="0.01"/>
  <testcase name="test_synthetic_00468" classname="com.example.SyntheticSuite" time="0.01"/>
  <testcase name="test_synthetic_00469" classname="com.example.SyntheticSuite" time="0.01"/>
  <testcase name="test_synthetic_00470" classname="com.example.SyntheticSuite" time="0.01"/>
  <testcase name="test_synthetic_00471" classname="com.example.SyntheticSuite" time="0.01"/>
  <testcase name="test_synthetic_00472" classname="com.example.SyntheticSuite" time="0.01"/>
  <testcase name="test_synthetic_00473" classname="com.example.SyntheticSuite" time="0.01"/>
  <testcase name="test_synthetic_00474" classname="com.example.SyntheticSuite" time="0.01"/>
  <testcase name="test_synthetic_00475" classname="com.example.SyntheticSuite" time="0.01"/>
  <testcase name="test_synthetic_00476" classname="com.example.SyntheticSuite" time="0.01"/>
  <testcase name="test_synthetic_00477" classname="com.example.SyntheticSuite" time="0.01"/>
  <testcase name="test_synthetic_00478" classname="com.example.SyntheticSuite" time="0.01"/>
  <testcase name="test_synthetic_00479" classname="com.example.SyntheticSuite" time="0.01"/>
  <testcase name="test_synthetic_00480" classname="com.example.SyntheticSuite" time="0.01"/>
  <testcase name="test_synthetic_00481" classname="com.example.SyntheticSuite" time="0.01"/>
  <testcase name="test_synthetic_00482" classname="com.example.SyntheticSuite" time="0.01"/>
  <testcase name="test_synthetic_00483" classname="com.example.SyntheticSuite" time="0.01"/>
  <testcase name="test_synthetic_00484" classname="com.example.SyntheticSuite" time="0.01"/>
  <testcase name="test_synthetic_00485" classname="com.example.SyntheticSuite" time="0.01"/>
  <testcase name="test_synthetic_00486" classname="com.example.SyntheticSuite" time="0.01"/>
  <testcase name="test_synthetic_00487" classname="com.example.SyntheticSuite" time="0.01"/>
  <testcase name="test_synthetic_00488" classname="com.example.SyntheticSuite" time="0.01"/>
  <testcase name="test_synthetic_00489" classname="com.example.SyntheticSuite" time="0.01"/>
  <testcase name="test_synthetic_00490" classname="com.example.SyntheticSuite" time="0.01"/>
  <testcase name="test_synthetic_00491" classname="com.example.SyntheticSuite" time="0.01"/>
  <testcase name="test_synthetic_00492" classname="com.example.SyntheticSuite" time="0.01"/>
  <testcase name="test_synthetic_00493" classname="com.example.SyntheticSuite" time="0.01"/>
  <testcase name="test_synthetic_00494" classname="com.example.SyntheticSuite" time="0.01"/>
  <testcase name="test_synthetic_00495" classname="com.example.SyntheticSuite" time="0.01"/>
  <testcase name="test_synthetic_00496" classname="com.example.SyntheticSuite" time="0.01"/>
  <testcase name="test_synthetic_00497" classname="com.example.SyntheticSuite" time="0.01"/>
  <testcase name="test_synthetic_00498" classname="com.example.SyntheticSuite" time="0.01"/>
  <testcase name="test_synthetic_00499" classname="com.example.SyntheticSuite" time="0.01"/>
  <testcase name="test_synthetic_00500" classname="com.example.SyntheticSuite" time="0.01">
    <failure message="Synthetic failure at 500">Assertion failed at iteration 500</failure>
  </testcase>
  <testcase name="test_synthetic_00501" classname="com.example.SyntheticSuite" time="0.01"/>
  <testcase name="test_synthetic_00502" classname="com.example.SyntheticSuite" time="0.01"/>
  <testcase name="test_synthetic_00503" classname="com.example.SyntheticSuite" time="0.01"/>
  <testcase name="test_synthetic_00504" classname="com.example.SyntheticSuite" time="0.01"/>
  <testcase name="test_synthetic_00505" classname="com.example.SyntheticSuite" time="0.01"/>
  <testcase name="test_synthetic_00506" classname="com.example.SyntheticSuite" time="0.01"/>
  <testcase name="test_synthetic_00507" classname="com.example.SyntheticSuite" time="0.01"/>
  <testcase name="test_synthetic_00508" classname="com.example.SyntheticSuite" time="0.01"/>
  <testcase name="test_synthetic_00509" classname="com.example.SyntheticSuite" time="0.01"/>
  <testcase name="test_synthetic_00510" classname="com.example.SyntheticSuite" time="0.01"/>
  <testcase name="test_synthetic_00511" classname="com.example.SyntheticSuite" time="0.01"/>
  <testcase name="test_synthetic_00512" classname="com.example.SyntheticSuite" time="0.01"/>
  <testcase name="test_synthetic_00513" classname="com.example.SyntheticSuite" time="0.01"/>
  <testcase name="test_synthetic_00514" classname="com.example.SyntheticSuite" time="0.01"/>
  <testcase name="test_synthetic_00515" classname="com.example.SyntheticSuite" time="0.01"/>
  <testcase name="test_synthetic_00516" classname="com.example.SyntheticSuite" time="0.01"/>
  <testcase name="test_synthetic_00517" classname="com.example.SyntheticSuite" time="0.01"/>
  <testcase name="test_synthetic_00518" classname="com.example.SyntheticSuite" time="0.01"/>
  <testcase name="test_synthetic_00519" classname="com.example.SyntheticSuite" time="0.01"/>
  <testcase name="test_synthetic_00520" classname="com.example.SyntheticSuite" time="0.01"/>
  <testcase name="test_synthetic_00521" classname="com.example.SyntheticSuite" time="0.01"/>
  <testcase name="test_synthetic_00522" classname="com.example.SyntheticSuite" time="0.01"/>
  <testcase name="test_synthetic_00523" classname="com.example.SyntheticSuite" time="0.01"/>
  <testcase name="test_synthetic_00524" classname="com.example.SyntheticSuite" time="0.01"/>
  <testcase name="test_synthetic_00525" classname="com.example.SyntheticSuite" time="0.01"/>
  <testcase name="test_synthetic_00526" classname="com.example.SyntheticSuite" time="0.01"/>
  <testcase name="test_synthetic_00527" classname="com.example.SyntheticSuite" time="0.01"/>
  <testcase name="test_synthetic_00528" classname="com.example.SyntheticSuite" time="0.01"/>
  <testcase name="test_synthetic_00529" classname="com.example.SyntheticSuite" time="0.01"/>
  <testcase name="test_synthetic_00530" classname="com.example.SyntheticSuite" time="0.01"/>
  <testcase name="test_synthetic_00531" classname="com.example.SyntheticSuite" time="0.01"/>
  <testcase name="test_synthetic_00532" classname="com.example.SyntheticSuite" time="0.01"/>
  <testcase name="test_synthetic_00533" classname="com.example.SyntheticSuite" time="0.01"/>
  <testcase name="test_synthetic_00534" classname="com.example.SyntheticSuite" time="0.01"/>
  <testcase name="test_synthetic_00535" classname="com.example.SyntheticSuite" time="0.01"/>
  <testcase name="test_synthetic_00536" classname="com.example.SyntheticSuite" time="0.01"/>
  <testcase name="test_synthetic_00537" classname="com.example.SyntheticSuite" time="0.01"/>
  <testcase name="test_synthetic_00538" classname="com.example.SyntheticSuite" time="0.01"/>
  <testcase name="test_synthetic_00539" classname="com.example.SyntheticSuite" time="0.01"/>
  <testcase name="test_synthetic_00540" classname="com.example.SyntheticSuite" time="0.01"/>
  <testcase name="test_synthetic_00541" classname="com.example.SyntheticSuite" time="0.01"/>
  <testcase name="test_synthetic_00542" classname="com.example.SyntheticSuite" time="0.01"/>
  <testcase name="test_synthetic_00543" classname="com.example.SyntheticSuite" time="0.01"/>
  <testcase name="test_synthetic_00544" classname="com.example.SyntheticSuite" time="0.01"/>
  <testcase name="test_synthetic_00545" classname="com.example.SyntheticSuite" time="0.01"/>
  <testcase name="test_synthetic_00546" classname="com.example.SyntheticSuite" time="0.01"/>
  <testcase name="test_synthetic_00547" classname="com.example.SyntheticSuite" time="0.01"/>
  <testcase name="test_synthetic_00548" classname="com.example.SyntheticSuite" time="0.01"/>
  <testcase name="test_synthetic_00549" classname="com.example.SyntheticSuite" time="0.01"/>
  <testcase name="test_synthetic_00550" classname="com.example.SyntheticSuite" time="0.01"/>
  <testcase name="test_synthetic_00551" classname="com.example.SyntheticSuite" time="0.01"/>
  <testcase name="test_synthetic_00552" classname="com.example.SyntheticSuite" time="0.01"/>
  <testcase name="test_synthetic_00553" classname="com.example.SyntheticSuite" time="0.01"/>
  <testcase name="test_synthetic_00554" classname="com.example.SyntheticSuite" time="0.01"/>
  <testcase name="test_synthetic_00555" classname="com.example.SyntheticSuite" time="0.01"/>
  <testcase name="test_synthetic_00556" classname="com.example.SyntheticSuite" time="0.01"/>
  <testcase name="test_synthetic_00557" classname="com.example.SyntheticSuite" time="0.01"/>
  <testcase name="test_synthetic_00558" classname="com.example.SyntheticSuite" time="0.01"/>
  <testcase name="test_synthetic_00559" classname="com.example.SyntheticSuite" time="0.01"/>
  <testcase name="test_synthetic_00560" classname="com.example.SyntheticSuite" time="0.01"/>
  <testcase name="test_synthetic_00561" classname="com.example.SyntheticSuite" time="0.01"/>
  <testcase name="test_synthetic_00562" classname="com.example.SyntheticSuite" time="0.01"/>
  <testcase name="test_synthetic_00563" classname="com.example.SyntheticSuite" time="0.01"/>
  <testcase name="test_synthetic_00564" classname="com.example.SyntheticSuite" time="0.01"/>
  <testcase name="test_synthetic_00565" classname="com.example.SyntheticSuite" time="0.01"/>
  <testcase name="test_synthetic_00566" classname="com.example.SyntheticSuite" time="0.01"/>
  <testcase name="test_synthetic_00567" classname="com.example.SyntheticSuite" time="0.01"/>
  <testcase name="test_synthetic_00568" classname="com.example.SyntheticSuite" time="0.01"/>
  <testcase name="test_synthetic_00569" classname="com.example.SyntheticSuite" time="0.01"/>
  <testcase name="test_synthetic_00570" classname="com.example.SyntheticSuite" time="0.01"/>
  <testcase name="test_synthetic_00571" classname="com.example.SyntheticSuite" time="0.01"/>
  <testcase name="test_synthetic_00572" classname="com.example.SyntheticSuite" time="0.01"/>
  <testcase name="test_synthetic_00573" classname="com.example.SyntheticSuite" time="0.01"/>
  <testcase name="test_synthetic_00574" classname="com.example.SyntheticSuite" time="0.01"/>
  <testcase name="test_synthetic_00575" classname="com.example.SyntheticSuite" time="0.01"/>
  <testcase name="test_synthetic_00576" classname="com.example.SyntheticSuite" time="0.01"/>
  <testcase name="test_synthetic_00577" classname="com.example.SyntheticSuite" time="0.01"/>
  <testcase name="test_synthetic_00578" classname="com.example.SyntheticSuite" time="0.01"/>
  <testcase name="test_synthetic_00579" classname="com.example.SyntheticSuite" time="0.01"/>
  <testcase name="test_synthetic_00580" classname="com.example.SyntheticSuite" time="0.01"/>
  <testcase name="test_synthetic_00581" classname="com.example.SyntheticSuite" time="0.01"/>
  <testcase name="test_synthetic_00582" classname="com.example.SyntheticSuite" time="0.01"/>
  <testcase name="test_synthetic_00583" classname="com.example.SyntheticSuite" time="0.01"/>
  <testcase name="test_synthetic_00584" classname="com.example.SyntheticSuite" time="0.01"/>
  <testcase name="test_synthetic_00585" classname="com.example.SyntheticSuite" time="0.01"/>
  <testcase name="test_synthetic_00586" classname="com.example.SyntheticSuite" time="0.01"/>
  <testcase name="test_synthetic_00587" classname="com.example.SyntheticSuite" time="0.01"/>
  <testcase name="test_synthetic_00588" classname="com.example.SyntheticSuite" time="0.01"/>
  <testcase name="test_synthetic_00589" classname="com.example.SyntheticSuite" time="0.01"/>
  <testcase name="test_synthetic_00590" classname="com.example.SyntheticSuite" time="0.01"/>
  <testcase name="test_synthetic_00591" classname="com.example.SyntheticSuite" time="0.01"/>
  <testcase name="test_synthetic_00592" classname="com.example.SyntheticSuite" time="0.01"/>
  <testcase name="test_synthetic_00593" classname="com.example.SyntheticSuite" time="0.01"/>
  <testcase name="test_synthetic_00594" classname="com.example.SyntheticSuite" time="0.01"/>
  <testcase name="test_synthetic_00595" classname="com.example.SyntheticSuite" time="0.01"/>
  <testcase name="test_synthetic_00596" classname="com.example.SyntheticSuite" time="0.01"/>
  <testcase name="test_synthetic_00597" classname="com.example.SyntheticSuite" time="0.01"/>
  <testcase name="test_synthetic_00598" classname="com.example.SyntheticSuite" time="0.01"/>
  <testcase name="test_synthetic_00599" classname="com.example.SyntheticSuite" time="0.01"/>
  <testcase name="test_synthetic_00600" classname="com.example.SyntheticSuite" time="0.01">
    <failure message="Synthetic failure at 600">Assertion failed at iteration 600</failure>
  </testcase>
  <testcase name="test_synthetic_00601" classname="com.example.SyntheticSuite" time="0.01"/>
  <testcase name="test_synthetic_00602" classname="com.example.SyntheticSuite" time="0.01"/>
  <testcase name="test_synthetic_00603" classname="com.example.SyntheticSuite" time="0.01"/>
  <testcase name="test_synthetic_00604" classname="com.example.SyntheticSuite" time="0.01"/>
  <testcase name="test_synthetic_00605" classname="com.example.SyntheticSuite" time="0.01"/>
  <testcase name="test_synthetic_00606" classname="com.example.SyntheticSuite" time="0.01"/>
  <testcase name="test_synthetic_00607" classname="com.example.SyntheticSuite" time="0.01"/>
  <testcase name="test_synthetic_00608" classname="com.example.SyntheticSuite" time="0.01"/>
  <testcase name="test_synthetic_00609" classname="com.example.SyntheticSuite" time="0.01"/>
  <testcase name="test_synthetic_00610" classname="com.example.SyntheticSuite" time="0.01"/>
  <testcase name="test_synthetic_00611" classname="com.example.SyntheticSuite" time="0.01"/>
  <testcase name="test_synthetic_00612" classname="com.example.SyntheticSuite" time="0.01"/>
  <testcase name="test_synthetic_00613" classname="com.example.SyntheticSuite" time="0.01"/>
  <testcase name="test_synthetic_00614" classname="com.example.SyntheticSuite" time="0.01"/>
  <testcase name="test_synthetic_00615" classname="com.example.SyntheticSuite" time="0.01"/>
  <testcase name="test_synthetic_00616" classname="com.example.SyntheticSuite" time="0.01"/>
  <testcase name="test_synthetic_00617" classname="com.example.SyntheticSuite" time="0.01"/>
  <testcase name="test_synthetic_00618" classname="com.example.SyntheticSuite" time="0.01"/>
  <testcase name="test_synthetic_00619" classname="com.example.SyntheticSuite" time="0.01"/>
  <testcase name="test_synthetic_00620" classname="com.example.SyntheticSuite" time="0.01"/>
  <testcase name="test_synthetic_00621" classname="com.example.SyntheticSuite" time="0.01"/>
  <testcase name="test_synthetic_00622" classname="com.example.SyntheticSuite" time="0.01"/>
  <testcase name="test_synthetic_00623" classname="com.example.SyntheticSuite" time="0.01"/>
  <testcase name="test_synthetic_00624" classname="com.example.SyntheticSuite" time="0.01"/>
  <testcase name="test_synthetic_00625" classname="com.example.SyntheticSuite" time="0.01"/>
  <testcase name="test_synthetic_00626" classname="com.example.SyntheticSuite" time="0.01"/>
  <testcase name="test_synthetic_00627" classname="com.example.SyntheticSuite" time="0.01"/>
  <testcase name="test_synthetic_00628" classname="com.example.SyntheticSuite" time="0.01"/>
  <testcase name="test_synthetic_00629" classname="com.example.SyntheticSuite" time="0.01"/>
  <testcase name="test_synthetic_00630" classname="com.example.SyntheticSuite" time="0.01"/>
  <testcase name="test_synthetic_00631" classname="com.example.SyntheticSuite" time="0.01"/>
  <testcase name="test_synthetic_00632" classname="com.example.SyntheticSuite" time="0.01"/>
  <testcase name="test_synthetic_00633" classname="com.example.SyntheticSuite" time="0.01"/>
  <testcase name="test_synthetic_00634" classname="com.example.SyntheticSuite" time="0.01"/>
  <testcase name="test_synthetic_00635" classname="com.example.SyntheticSuite" time="0.01"/>
  <testcase name="test_synthetic_00636" classname="com.example.SyntheticSuite" time="0.01"/>
  <testcase name="test_synthetic_00637" classname="com.example.SyntheticSuite" time="0.01"/>
  <testcase name="test_synthetic_00638" classname="com.example.SyntheticSuite" time="0.01"/>
  <testcase name="test_synthetic_00639" classname="com.example.SyntheticSuite" time="0.01"/>
  <testcase name="test_synthetic_00640" classname="com.example.SyntheticSuite" time="0.01"/>
  <testcase name="test_synthetic_00641" classname="com.example.SyntheticSuite" time="0.01"/>
  <testcase name="test_synthetic_00642" classname="com.example.SyntheticSuite" time="0.01"/>
  <testcase name="test_synthetic_00643" classname="com.example.SyntheticSuite" time="0.01"/>
  <testcase name="test_synthetic_00644" classname="com.example.SyntheticSuite" time="0.01"/>
  <testcase name="test_synthetic_00645" classname="com.example.SyntheticSuite" time="0.01"/>
  <testcase name="test_synthetic_00646" classname="com.example.SyntheticSuite" time="0.01"/>
  <testcase name="test_synthetic_00647" classname="com.example.SyntheticSuite" time="0.01"/>
  <testcase name="test_synthetic_00648" classname="com.example.SyntheticSuite" time="0.01"/>
  <testcase name="test_synthetic_00649" classname="com.example.SyntheticSuite" time="0.01"/>
  <testcase name="test_synthetic_00650" classname="com.example.SyntheticSuite" time="0.01"/>
  <testcase name="test_synthetic_00651" classname="com.example.SyntheticSuite" time="0.01"/>
  <testcase name="test_synthetic_00652" classname="com.example.SyntheticSuite" time="0.01"/>
  <testcase name="test_synthetic_00653" classname="com.example.SyntheticSuite" time="0.01"/>
  <testcase name="test_synthetic_00654" classname="com.example.SyntheticSuite" time="0.01"/>
  <testcase name="test_synthetic_00655" classname="com.example.SyntheticSuite" time="0.01"/>
  <testcase name="test_synthetic_00656" classname="com.example.SyntheticSuite" time="0.01"/>
  <testcase name="test_synthetic_00657" classname="com.example.SyntheticSuite" time="0.01"/>
  <testcase name="test_synthetic_00658" classname="com.example.SyntheticSuite" time="0.01"/>
  <testcase name="test_synthetic_00659" classname="com.example.SyntheticSuite" time="0.01"/>
  <testcase name="test_synthetic_00660" classname="com.example.SyntheticSuite" time="0.01"/>
  <testcase name="test_synthetic_00661" classname="com.example.SyntheticSuite" time="0.01"/>
  <testcase name="test_synthetic_00662" classname="com.example.SyntheticSuite" time="0.01"/>
  <testcase name="test_synthetic_00663" classname="com.example.SyntheticSuite" time="0.01"/>
  <testcase name="test_synthetic_00664" classname="com.example.SyntheticSuite" time="0.01"/>
  <testcase name="test_synthetic_00665" classname="com.example.SyntheticSuite" time="0.01"/>
  <testcase name="test_synthetic_00666" classname="com.example.SyntheticSuite" time="0.01"/>
  <testcase name="test_synthetic_00667" classname="com.example.SyntheticSuite" time="0.01"/>
  <testcase name="test_synthetic_00668" classname="com.example.SyntheticSuite" time="0.01"/>
  <testcase name="test_synthetic_00669" classname="com.example.SyntheticSuite" time="0.01"/>
  <testcase name="test_synthetic_00670" classname="com.example.SyntheticSuite" time="0.01"/>
  <testcase name="test_synthetic_00671" classname="com.example.SyntheticSuite" time="0.01"/>
  <testcase name="test_synthetic_00672" classname="com.example.SyntheticSuite" time="0.01"/>
  <testcase name="test_synthetic_00673" classname="com.example.SyntheticSuite" time="0.01"/>
  <testcase name="test_synthetic_00674" classname="com.example.SyntheticSuite" time="0.01"/>
  <testcase name="test_synthetic_00675" classname="com.example.SyntheticSuite" time="0.01"/>
  <testcase name="test_synthetic_00676" classname="com.example.SyntheticSuite" time="0.01"/>
  <testcase name="test_synthetic_00677" classname="com.example.SyntheticSuite" time="0.01"/>
  <testcase name="test_synthetic_00678" classname="com.example.SyntheticSuite" time="0.01"/>
  <testcase name="test_synthetic_00679" classname="com.example.SyntheticSuite" time="0.01"/>
  <testcase name="test_synthetic_00680" classname="com.example.SyntheticSuite" time="0.01"/>
  <testcase name="test_synthetic_00681" classname="com.example.SyntheticSuite" time="0.01"/>
  <testcase name="test_synthetic_00682" classname="com.example.SyntheticSuite" time="0.01"/>
  <testcase name="test_synthetic_00683" classname="com.example.SyntheticSuite" time="0.01"/>
  <testcase name="test_synthetic_00684" classname="com.example.SyntheticSuite" time="0.01"/>
  <testcase name="test_synthetic_00685" classname="com.example.SyntheticSuite" time="0.01"/>
  <testcase name="test_synthetic_00686" classname="com.example.SyntheticSuite" time="0.01"/>
  <testcase name="test_synthetic_00687" classname="com.example.SyntheticSuite" time="0.01"/>
  <testcase name="test_synthetic_00688" classname="com.example.SyntheticSuite" time="0.01"/>
  <testcase name="test_synthetic_00689" classname="com.example.SyntheticSuite" time="0.01"/>
  <testcase name="test_synthetic_00690" classname="com.example.SyntheticSuite" time="0.01"/>
  <testcase name="test_synthetic_00691" classname="com.example.SyntheticSuite" time="0.01"/>
  <testcase name="test_synthetic_00692" classname="com.example.SyntheticSuite" time="0.01"/>
  <testcase name="test_synthetic_00693" classname="com.example.SyntheticSuite" time="0.01"/>
  <testcase name="test_synthetic_00694" classname="com.example.SyntheticSuite" time="0.01"/>
  <testcase name="test_synthetic_00695" classname="com.example.SyntheticSuite" time="0.01"/>
  <testcase name="test_synthetic_00696" classname="com.example.SyntheticSuite" time="0.01"/>
  <testcase name="test_synthetic_00697" classname="com.example.SyntheticSuite" time="0.01"/>
  <testcase name="test_synthetic_00698" classname="com.example.SyntheticSuite" time="0.01"/>
  <testcase name="test_synthetic_00699" classname="com.example.SyntheticSuite" time="0.01"/>
  <testcase name="test_synthetic_00700" classname="com.example.SyntheticSuite" time="0.01">
    <failure message="Synthetic failure at 700">Assertion failed at iteration 700</failure>
  </testcase>
  <testcase name="test_synthetic_00701" classname="com.example.SyntheticSuite" time="0.01"/>
  <testcase name="test_synthetic_00702" classname="com.example.SyntheticSuite" time="0.01"/>
  <testcase name="test_synthetic_00703" classname="com.example.SyntheticSuite" time="0.01"/>
  <testcase name="test_synthetic_00704" classname="com.example.SyntheticSuite" time="0.01"/>
  <testcase name="test_synthetic_00705" classname="com.example.SyntheticSuite" time="0.01"/>
  <testcase name="test_synthetic_00706" classname="com.example.SyntheticSuite" time="0.01"/>
  <testcase name="test_synthetic_00707" classname="com.example.SyntheticSuite" time="0.01"/>
  <testcase name="test_synthetic_00708" classname="com.example.SyntheticSuite" time="0.01"/>
  <testcase name="test_synthetic_00709" classname="com.example.SyntheticSuite" time="0.01"/>
  <testcase name="test_synthetic_00710" classname="com.example.SyntheticSuite" time="0.01"/>
  <testcase name="test_synthetic_00711" classname="com.example.SyntheticSuite" time="0.01"/>
  <testcase name="test_synthetic_00712" classname="com.example.SyntheticSuite" time="0.01"/>
  <testcase name="test_synthetic_00713" classname="com.example.SyntheticSuite" time="0.01"/>
  <testcase name="test_synthetic_00714" classname="com.example.SyntheticSuite" time="0.01"/>
  <testcase name="test_synthetic_00715" classname="com.example.SyntheticSuite" time="0.01"/>
  <testcase name="test_synthetic_00716" classname="com.example.SyntheticSuite" time="0.01"/>
  <testcase name="test_synthetic_00717" classname="com.example.SyntheticSuite" time="0.01"/>
  <testcase name="test_synthetic_00718" classname="com.example.SyntheticSuite" time="0.01"/>
  <testcase name="test_synthetic_00719" classname="com.example.SyntheticSuite" time="0.01"/>
  <testcase name="test_synthetic_00720" classname="com.example.SyntheticSuite" time="0.01"/>
  <testcase name="test_synthetic_00721" classname="com.example.SyntheticSuite" time="0.01"/>
  <testcase name="test_synthetic_00722" classname="com.example.SyntheticSuite" time="0.01"/>
  <testcase name="test_synthetic_00723" classname="com.example.SyntheticSuite" time="0.01"/>
  <testcase name="test_synthetic_00724" classname="com.example.SyntheticSuite" time="0.01"/>
  <testcase name="test_synthetic_00725" classname="com.example.SyntheticSuite" time="0.01"/>
  <testcase name="test_synthetic_00726" classname="com.example.SyntheticSuite" time="0.01"/>
  <testcase name="test_synthetic_00727" classname="com.example.SyntheticSuite" time="0.01"/>
  <testcase name="test_synthetic_00728" classname="com.example.SyntheticSuite" time="0.01"/>
  <testcase name="test_synthetic_00729" classname="com.example.SyntheticSuite" time="0.01"/>
  <testcase name="test_synthetic_00730" classname="com.example.SyntheticSuite" time="0.01"/>
  <testcase name="test_synthetic_00731" classname="com.example.SyntheticSuite" time="0.01"/>
  <testcase name="test_synthetic_00732" classname="com.example.SyntheticSuite" time="0.01"/>
  <testcase name="test_synthetic_00733" classname="com.example.SyntheticSuite" time="0.01"/>
  <testcase name="test_synthetic_00734" classname="com.example.SyntheticSuite" time="0.01"/>
  <testcase name="test_synthetic_00735" classname="com.example.SyntheticSuite" time="0.01"/>
  <testcase name="test_synthetic_00736" classname="com.example.SyntheticSuite" time="0.01"/>
  <testcase name="test_synthetic_00737" classname="com.example.SyntheticSuite" time="0.01"/>
  <testcase name="test_synthetic_00738" classname="com.example.SyntheticSuite" time="0.01"/>
  <testcase name="test_synthetic_00739" classname="com.example.SyntheticSuite" time="0.01"/>
  <testcase name="test_synthetic_00740" classname="com.example.SyntheticSuite" time="0.01"/>
  <testcase name="test_synthetic_00741" classname="com.example.SyntheticSuite" time="0.01"/>
  <testcase name="test_synthetic_00742" classname="com.example.SyntheticSuite" time="0.01"/>
  <testcase name="test_synthetic_00743" classname="com.example.SyntheticSuite" time="0.01"/>
  <testcase name="test_synthetic_00744" classname="com.example.SyntheticSuite" time="0.01"/>
  <testcase name="test_synthetic_00745" classname="com.example.SyntheticSuite" time="0.01"/>
  <testcase name="test_synthetic_00746" classname="com.example.SyntheticSuite" time="0.01"/>
  <testcase name="test_synthetic_00747" classname="com.example.SyntheticSuite" time="0.01"/>
  <testcase name="test_synthetic_00748" classname="com.example.SyntheticSuite" time="0.01"/>
  <testcase name="test_synthetic_00749" classname="com.example.SyntheticSuite" time="0.01"/>
  <testcase name="test_synthetic_00750" classname="com.example.SyntheticSuite" time="0.01"/>
  <testcase name="test_synthetic_00751" classname="com.example.SyntheticSuite" time="0.01"/>
  <testcase name="test_synthetic_00752" classname="com.example.SyntheticSuite" time="0.01"/>
  <testcase name="test_synthetic_00753" classname="com.example.SyntheticSuite" time="0.01"/>
  <testcase name="test_synthetic_00754" classname="com.example.SyntheticSuite" time="0.01"/>
  <testcase name="test_synthetic_00755" classname="com.example.SyntheticSuite" time="0.01"/>
  <testcase name="test_synthetic_00756" classname="com.example.SyntheticSuite" time="0.01"/>
  <testcase name="test_synthetic_00757" classname="com.example.SyntheticSuite" time="0.01"/>
  <testcase name="test_synthetic_00758" classname="com.example.SyntheticSuite" time="0.01"/>
  <testcase name="test_synthetic_00759" classname="com.example.SyntheticSuite" time="0.01"/>
  <testcase name="test_synthetic_00760" classname="com.example.SyntheticSuite" time="0.01"/>
  <testcase name="test_synthetic_00761" classname="com.example.SyntheticSuite" time="0.01"/>
  <testcase name="test_synthetic_00762" classname="com.example.SyntheticSuite" time="0.01"/>
  <testcase name="test_synthetic_00763" classname="com.example.SyntheticSuite" time="0.01"/>
  <testcase name="test_synthetic_00764" classname="com.example.SyntheticSuite" time="0.01"/>
  <testcase name="test_synthetic_00765" classname="com.example.SyntheticSuite" time="0.01"/>
  <testcase name="test_synthetic_00766" classname="com.example.SyntheticSuite" time="0.01"/>
  <testcase name="test_synthetic_00767" classname="com.example.SyntheticSuite" time="0.01"/>
  <testcase name="test_synthetic_00768" classname="com.example.SyntheticSuite" time="0.01"/>
  <testcase name="test_synthetic_00769" classname="com.example.SyntheticSuite" time="0.01"/>
  <testcase name="test_synthetic_00770" classname="com.example.SyntheticSuite" time="0.01"/>
  <testcase name="test_synthetic_00771" classname="com.example.SyntheticSuite" time="0.01"/>
  <testcase name="test_synthetic_00772" classname="com.example.SyntheticSuite" time="0.01"/>
  <testcase name="test_synthetic_00773" classname="com.example.SyntheticSuite" time="0.01"/>
  <testcase name="test_synthetic_00774" classname="com.example.SyntheticSuite" time="0.01"/>
  <testcase name="test_synthetic_00775" classname="com.example.SyntheticSuite" time="0.01"/>
  <testcase name="test_synthetic_00776" classname="com.example.SyntheticSuite" time="0.01"/>
  <testcase name="test_synthetic_00777" classname="com.example.SyntheticSuite" time="0.01"/>
  <testcase name="test_synthetic_00778" classname="com.example.SyntheticSuite" time="0.01"/>
  <testcase name="test_synthetic_00779" classname="com.example.SyntheticSuite" time="0.01"/>
  <testcase name="test_synthetic_00780" classname="com.example.SyntheticSuite" time="0.01"/>
  <testcase name="test_synthetic_00781" classname="com.example.SyntheticSuite" time="0.01"/>
  <testcase name="test_synthetic_00782" classname="com.example.SyntheticSuite" time="0.01"/>
  <testcase name="test_synthetic_00783" classname="com.example.SyntheticSuite" time="0.01"/>
  <testcase name="test_synthetic_00784" classname="com.example.SyntheticSuite" time="0.01"/>
  <testcase name="test_synthetic_00785" classname="com.example.SyntheticSuite" time="0.01"/>
  <testcase name="test_synthetic_00786" classname="com.example.SyntheticSuite" time="0.01"/>
  <testcase name="test_synthetic_00787" classname="com.example.SyntheticSuite" time="0.01"/>
  <testcase name="test_synthetic_00788" classname="com.example.SyntheticSuite" time="0.01"/>
  <testcase name="test_synthetic_00789" classname="com.example.SyntheticSuite" time="0.01"/>
  <testcase name="test_synthetic_00790" classname="com.example.SyntheticSuite" time="0.01"/>
  <testcase name="test_synthetic_00791" classname="com.example.SyntheticSuite" time="0.01"/>
  <testcase name="test_synthetic_00792" classname="com.example.SyntheticSuite" time="0.01"/>
  <testcase name="test_synthetic_00793" classname="com.example.SyntheticSuite" time="0.01"/>
  <testcase name="test_synthetic_00794" classname="com.example.SyntheticSuite" time="0.01"/>
  <testcase name="test_synthetic_00795" classname="com.example.SyntheticSuite" time="0.01"/>
  <testcase name="test_synthetic_00796" classname="com.example.SyntheticSuite" time="0.01"/>
  <testcase name="test_synthetic_00797" classname="com.example.SyntheticSuite" time="0.01"/>
  <testcase name="test_synthetic_00798" classname="com.example.SyntheticSuite" time="0.01"/>
  <testcase name="test_synthetic_00799" classname="com.example.SyntheticSuite" time="0.01"/>
  <testcase name="test_synthetic_00800" classname="com.example.SyntheticSuite" time="0.01">
    <failure message="Synthetic failure at 800">Assertion failed at iteration 800</failure>
  </testcase>
  <testcase name="test_synthetic_00801" classname="com.example.SyntheticSuite" time="0.01"/>
  <testcase name="test_synthetic_00802" classname="com.example.SyntheticSuite" time="0.01"/>
  <testcase name="test_synthetic_00803" classname="com.example.SyntheticSuite" time="0.01"/>
  <testcase name="test_synthetic_00804" classname="com.example.SyntheticSuite" time="0.01"/>
  <testcase name="test_synthetic_00805" classname="com.example.SyntheticSuite" time="0.01"/>
  <testcase name="test_synthetic_00806" classname="com.example.SyntheticSuite" time="0.01"/>
  <testcase name="test_synthetic_00807" classname="com.example.SyntheticSuite" time="0.01"/>
  <testcase name="test_synthetic_00808" classname="com.example.SyntheticSuite" time="0.01"/>
  <testcase name="test_synthetic_00809" classname="com.example.SyntheticSuite" time="0.01"/>
  <testcase name="test_synthetic_00810" classname="com.example.SyntheticSuite" time="0.01"/>
  <testcase name="test_synthetic_00811" classname="com.example.SyntheticSuite" time="0.01"/>
  <testcase name="test_synthetic_00812" classname="com.example.SyntheticSuite" time="0.01"/>
  <testcase name="test_synthetic_00813" classname="com.example.SyntheticSuite" time="0.01"/>
  <testcase name="test_synthetic_00814" classname="com.example.SyntheticSuite" time="0.01"/>
  <testcase name="test_synthetic_00815" classname="com.example.SyntheticSuite" time="0.01"/>
  <testcase name="test_synthetic_00816" classname="com.example.SyntheticSuite" time="0.01"/>
  <testcase name="test_synthetic_00817" classname="com.example.SyntheticSuite" time="0.01"/>
  <testcase name="test_synthetic_00818" classname="com.example.SyntheticSuite" time="0.01"/>
  <testcase name="test_synthetic_00819" classname="com.example.SyntheticSuite" time="0.01"/>
  <testcase name="test_synthetic_00820" classname="com.example.SyntheticSuite" time="0.01"/>
  <testcase name="test_synthetic_00821" classname="com.example.SyntheticSuite" time="0.01"/>
  <testcase name="test_synthetic_00822" classname="com.example.SyntheticSuite" time="0.01"/>
  <testcase name="test_synthetic_00823" classname="com.example.SyntheticSuite" time="0.01"/>
  <testcase name="test_synthetic_00824" classname="com.example.SyntheticSuite" time="0.01"/>
  <testcase name="test_synthetic_00825" classname="com.example.SyntheticSuite" time="0.01"/>
  <testcase name="test_synthetic_00826" classname="com.example.SyntheticSuite" time="0.01"/>
  <testcase name="test_synthetic_00827" classname="com.example.SyntheticSuite" time="0.01"/>
  <testcase name="test_synthetic_00828" classname="com.example.SyntheticSuite" time="0.01"/>
  <testcase name="test_synthetic_00829" classname="com.example.SyntheticSuite" time="0.01"/>
  <testcase name="test_synthetic_00830" classname="com.example.SyntheticSuite" time="0.01"/>
  <testcase name="test_synthetic_00831" classname="com.example.SyntheticSuite" time="0.01"/>
  <testcase name="test_synthetic_00832" classname="com.example.SyntheticSuite" time="0.01"/>
  <testcase name="test_synthetic_00833" classname="com.example.SyntheticSuite" time="0.01"/>
  <testcase name="test_synthetic_00834" classname="com.example.SyntheticSuite" time="0.01"/>
  <testcase name="test_synthetic_00835" classname="com.example.SyntheticSuite" time="0.01"/>
  <testcase name="test_synthetic_00836" classname="com.example.SyntheticSuite" time="0.01"/>
  <testcase name="test_synthetic_00837" classname="com.example.SyntheticSuite" time="0.01"/>
  <testcase name="test_synthetic_00838" classname="com.example.SyntheticSuite" time="0.01"/>
  <testcase name="test_synthetic_00839" classname="com.example.SyntheticSuite" time="0.01"/>
  <testcase name="test_synthetic_00840" classname="com.example.SyntheticSuite" time="0.01"/>
  <testcase name="test_synthetic_00841" classname="com.example.SyntheticSuite" time="0.01"/>
  <testcase name="test_synthetic_00842" classname="com.example.SyntheticSuite" time="0.01"/>
  <testcase name="test_synthetic_00843" classname="com.example.SyntheticSuite" time="0.01"/>
  <testcase name="test_synthetic_00844" classname="com.example.SyntheticSuite" time="0.01"/>
  <testcase name="test_synthetic_00845" classname="com.example.SyntheticSuite" time="0.01"/>
  <testcase name="test_synthetic_00846" classname="com.example.SyntheticSuite" time="0.01"/>
  <testcase name="test_synthetic_00847" classname="com.example.SyntheticSuite" time="0.01"/>
[...]
  <testcase name="test_synthetic_09788" classname="com.example.SyntheticSuite" time="0.01"/>
  <testcase name="test_synthetic_09789" classname="com.example.SyntheticSuite" time="0.01"/>
  <testcase name="test_synthetic_09790" classname="com.example.SyntheticSuite" time="0.01"/>
  <testcase name="test_synthetic_09791" classname="com.example.SyntheticSuite" time="0.01"/>
  <testcase name="test_synthetic_09792" classname="com.example.SyntheticSuite" time="0.01"/>
  <testcase name="test_synthetic_09793" classname="com.example.SyntheticSuite" time="0.01"/>
  <testcase name="test_synthetic_09794" classname="com.example.SyntheticSuite" time="0.01"/>
  <testcase name="test_synthetic_09795" classname="com.example.SyntheticSuite" time="0.01"/>
  <testcase name="test_synthetic_09796" classname="com.example.SyntheticSuite" time="0.01"/>
  <testcase name="test_synthetic_09797" classname="com.example.SyntheticSuite" time="0.01"/>
  <testcase name="test_synthetic_09798" classname="com.example.SyntheticSuite" time="0.01"/>
  <testcase name="test_synthetic_09799" classname="com.example.SyntheticSuite" time="0.01"/>
  <testcase name="test_synthetic_09800" classname="com.example.SyntheticSuite" time="0.01">
    <failure message="Synthetic failure at 9800">Assertion failed at iteration 9800</failure>
  </testcase>
  <testcase name="test_synthetic_09801" classname="com.example.SyntheticSuite" time="0.01"/>
  <testcase name="test_synthetic_09802" classname="com.example.SyntheticSuite" time="0.01"/>
  <testcase name="test_synthetic_09803" classname="com.example.SyntheticSuite" time="0.01"/>
  <testcase name="test_synthetic_09804" classname="com.example.SyntheticSuite" time="0.01"/>
  <testcase name="test_synthetic_09805" classname="com.example.SyntheticSuite" time="0.01"/>
  <testcase name="test_synthetic_09806" classname="com.example.SyntheticSuite" time="0.01"/>
  <testcase name="test_synthetic_09807" classname="com.example.SyntheticSuite" time="0.01"/>
  <testcase name="test_synthetic_09808" classname="com.example.SyntheticSuite" time="0.01"/>
  <testcase name="test_synthetic_09809" classname="com.example.SyntheticSuite" time="0.01"/>
  <testcase name="test_synthetic_09810" classname="com.example.SyntheticSuite" time="0.01"/>
  <testcase name="test_synthetic_09811" classname="com.example.SyntheticSuite" time="0.01"/>
  <testcase name="test_synthetic_09812" classname="com.example.SyntheticSuite" time="0.01"/>
  <testcase name="test_synthetic_09813" classname="com.example.SyntheticSuite" time="0.01"/>
  <testcase name="test_synthetic_09814" classname="com.example.SyntheticSuite" time="0.01"/>
  <testcase name="test_synthetic_09815" classname="com.example.SyntheticSuite" time="0.01"/>
  <testcase name="test_synthetic_09816" classname="com.example.SyntheticSuite" time="0.01"/>
  <testcase name="test_synthetic_09817" classname="com.example.SyntheticSuite" time="0.01"/>
  <testcase name="test_synthetic_09818" classname="com.example.SyntheticSuite" time="0.01"/>
  <testcase name="test_synthetic_09819" classname="com.example.SyntheticSuite" time="0.01"/>
  <testcase name="test_synthetic_09820" classname="com.example.SyntheticSuite" time="0.01"/>
  <testcase name="test_synthetic_09821" classname="com.example.SyntheticSuite" time="0.01"/>
  <testcase name="test_synthetic_09822" classname="com.example.SyntheticSuite" time="0.01"/>
  <testcase name="test_synthetic_09823" classname="com.example.SyntheticSuite" time="0.01"/>
  <testcase name="test_synthetic_09824" classname="com.example.SyntheticSuite" time="0.01"/>
  <testcase name="test_synthetic_09825" classname="com.example.SyntheticSuite" time="0.01"/>
  <testcase name="test_synthetic_09826" classname="com.example.SyntheticSuite" time="0.01"/>
  <testcase name="test_synthetic_09827" classname="com.example.SyntheticSuite" time="0.01"/>
  <testcase name="test_synthetic_09828" classname="com.example.SyntheticSuite" time="0.01"/>
  <testcase name="test_synthetic_09829" classname="com.example.SyntheticSuite" time="0.01"/>
  <testcase name="test_synthetic_09830" classname="com.example.SyntheticSuite" time="0.01"/>
  <testcase name="test_synthetic_09831" classname="com.example.SyntheticSuite" time="0.01"/>
  <testcase name="test_synthetic_09832" classname="com.example.SyntheticSuite" time="0.01"/>
  <testcase name="test_synthetic_09833" classname="com.example.SyntheticSuite" time="0.01"/>
  <testcase name="test_synthetic_09834" classname="com.example.SyntheticSuite" time="0.01"/>
  <testcase name="test_synthetic_09835" classname="com.example.SyntheticSuite" time="0.01"/>
  <testcase name="test_synthetic_09836" classname="com.example.SyntheticSuite" time="0.01"/>
  <testcase name="test_synthetic_09837" classname="com.example.SyntheticSuite" time="0.01"/>
  <testcase name="test_synthetic_09838" classname="com.example.SyntheticSuite" time="0.01"/>
  <testcase name="test_synthetic_09839" classname="com.example.SyntheticSuite" time="0.01"/>
  <testcase name="test_synthetic_09840" classname="com.example.SyntheticSuite" time="0.01"/>
  <testcase name="test_synthetic_09841" classname="com.example.SyntheticSuite" time="0.01"/>
  <testcase name="test_synthetic_09842" classname="com.example.SyntheticSuite" time="0.01"/>
  <testcase name="test_synthetic_09843" classname="com.example.SyntheticSuite" time="0.01"/>
  <testcase name="test_synthetic_09844" classname="com.example.SyntheticSuite" time="0.01"/>
  <testcase name="test_synthetic_09845" classname="com.example.SyntheticSuite" time="0.01"/>
  <testcase name="test_synthetic_09846" classname="com.example.SyntheticSuite" time="0.01"/>
  <testcase name="test_synthetic_09847" classname="com.example.SyntheticSuite" time="0.01"/>
  <testcase name="test_synthetic_09848" classname="com.example.SyntheticSuite" time="0.01"/>
  <testcase name="test_synthetic_09849" classname="com.example.SyntheticSuite" time="0.01"/>
  <testcase name="test_synthetic_09850" classname="com.example.SyntheticSuite" time="0.01"/>
  <testcase name="test_synthetic_09851" classname="com.example.SyntheticSuite" time="0.01"/>
  <testcase name="test_synthetic_09852" classname="com.example.SyntheticSuite" time="0.01"/>
  <testcase name="test_synthetic_09853" classname="com.example.SyntheticSuite" time="0.01"/>
  <testcase name="test_synthetic_09854" classname="com.example.SyntheticSuite" time="0.01"/>
  <testcase name="test_synthetic_09855" classname="com.example.SyntheticSuite" time="0.01"/>
  <testcase name="test_synthetic_09856" classname="com.example.SyntheticSuite" time="0.01"/>
  <testcase name="test_synthetic_09857" classname="com.example.SyntheticSuite" time="0.01"/>
  <testcase name="test_synthetic_09858" classname="com.example.SyntheticSuite" time="0.01"/>
  <testcase name="test_synthetic_09859" classname="com.example.SyntheticSuite" time="0.01"/>
  <testcase name="test_synthetic_09860" classname="com.example.SyntheticSuite" time="0.01"/>
  <testcase name="test_synthetic_09861" classname="com.example.SyntheticSuite" time="0.01"/>
  <testcase name="test_synthetic_09862" classname="com.example.SyntheticSuite" time="0.01"/>
  <testcase name="test_synthetic_09863" classname="com.example.SyntheticSuite" time="0.01"/>
  <testcase name="test_synthetic_09864" classname="com.example.SyntheticSuite" time="0.01"/>
  <testcase name="test_synthetic_09865" classname="com.example.SyntheticSuite" time="0.01"/>
  <testcase name="test_synthetic_09866" classname="com.example.SyntheticSuite" time="0.01"/>
  <testcase name="test_synthetic_09867" classname="com.example.SyntheticSuite" time="0.01"/>
  <testcase name="test_synthetic_09868" classname="com.example.SyntheticSuite" time="0.01"/>
  <testcase name="test_synthetic_09869" classname="com.example.SyntheticSuite" time="0.01"/>
  <testcase name="test_synthetic_09870" classname="com.example.SyntheticSuite" time="0.01"/>
  <testcase name="test_synthetic_09871" classname="com.example.SyntheticSuite" time="0.01"/>
  <testcase name="test_synthetic_09872" classname="com.example.SyntheticSuite" time="0.01"/>
  <testcase name="test_synthetic_09873" classname="com.example.SyntheticSuite" time="0.01"/>
  <testcase name="test_synthetic_09874" classname="com.example.SyntheticSuite" time="0.01"/>
  <testcase name="test_synthetic_09875" classname="com.example.SyntheticSuite" time="0.01"/>
  <testcase name="test_synthetic_09876" classname="com.example.SyntheticSuite" time="0.01"/>
  <testcase name="test_synthetic_09877" classname="com.example.SyntheticSuite" time="0.01"/>
  <testcase name="test_synthetic_09878" classname="com.example.SyntheticSuite" time="0.01"/>
  <testcase name="test_synthetic_09879" classname="com.example.SyntheticSuite" time="0.01"/>
  <testcase name="test_synthetic_09880" classname="com.example.SyntheticSuite" time="0.01"/>
  <testcase name="test_synthetic_09881" classname="com.example.SyntheticSuite" time="0.01"/>
  <testcase name="test_synthetic_09882" classname="com.example.SyntheticSuite" time="0.01"/>
  <testcase name="test_synthetic_09883" classname="com.example.SyntheticSuite" time="0.01"/>
  <testcase name="test_synthetic_09884" classname="com.example.SyntheticSuite" time="0.01"/>
  <testcase name="test_synthetic_09885" classname="com.example.SyntheticSuite" time="0.01"/>
  <testcase name="test_synthetic_09886" classname="com.example.SyntheticSuite" time="0.01"/>
  <testcase name="test_synthetic_09887" classname="com.example.SyntheticSuite" time="0.01"/>
  <testcase name="test_synthetic_09888" classname="com.example.SyntheticSuite" time="0.01"/>
  <testcase name="test_synthetic_09889" classname="com.example.SyntheticSuite" time="0.01"/>
  <testcase name="test_synthetic_09890" classname="com.example.SyntheticSuite" time="0.01"/>
  <testcase name="test_synthetic_09891" classname="com.example.SyntheticSuite" time="0.01"/>
  <testcase name="test_synthetic_09892" classname="com.example.SyntheticSuite" time="0.01"/>
  <testcase name="test_synthetic_09893" classname="com.example.SyntheticSuite" time="0.01"/>
  <testcase name="test_synthetic_09894" classname="com.example.SyntheticSuite" time="0.01"/>
  <testcase name="test_synthetic_09895" classname="com.example.SyntheticSuite" time="0.01"/>
  <testcase name="test_synthetic_09896" classname="com.example.SyntheticSuite" time="0.01"/>
  <testcase name="test_synthetic_09897" classname="com.example.SyntheticSuite" time="0.01"/>
  <testcase name="test_synthetic_09898" classname="com.example.SyntheticSuite" time="0.01"/>
  <testcase name="test_synthetic_09899" classname="com.example.SyntheticSuite" time="0.01"/>
  <testcase name="test_synthetic_09900" classname="com.example.SyntheticSuite" time="0.01">
    <failure message="Synthetic failure at 9900">Assertion failed at iteration 9900</failure>
  </testcase>
  <testcase name="test_synthetic_09901" classname="com.example.SyntheticSuite" time="0.01"/>
  <testcase name="test_synthetic_09902" classname="com.example.SyntheticSuite" time="0.01"/>
  <testcase name="test_synthetic_09903" classname="com.example.SyntheticSuite" time="0.01"/>
  <testcase name="test_synthetic_09904" classname="com.example.SyntheticSuite" time="0.01"/>
  <testcase name="test_synthetic_09905" classname="com.example.SyntheticSuite" time="0.01"/>
  <testcase name="test_synthetic_09906" classname="com.example.SyntheticSuite" time="0.01"/>
  <testcase name="test_synthetic_09907" classname="com.example.SyntheticSuite" time="0.01"/>
  <testcase name="test_synthetic_09908" classname="com.example.SyntheticSuite" time="0.01"/>
  <testcase name="test_synthetic_09909" classname="com.example.SyntheticSuite" time="0.01"/>
  <testcase name="test_synthetic_09910" classname="com.example.SyntheticSuite" time="0.01"/>
  <testcase name="test_synthetic_09911" classname="com.example.SyntheticSuite" time="0.01"/>
  <testcase name="test_synthetic_09912" classname="com.example.SyntheticSuite" time="0.01"/>
  <testcase name="test_synthetic_09913" classname="com.example.SyntheticSuite" time="0.01"/>
  <testcase name="test_synthetic_09914" classname="com.example.SyntheticSuite" time="0.01"/>
  <testcase name="test_synthetic_09915" classname="com.example.SyntheticSuite" time="0.01"/>
  <testcase name="test_synthetic_09916" classname="com.example.SyntheticSuite" time="0.01"/>
  <testcase name="test_synthetic_09917" classname="com.example.SyntheticSuite" time="0.01"/>
  <testcase name="test_synthetic_09918" classname="com.example.SyntheticSuite" time="0.01"/>
  <testcase name="test_synthetic_09919" classname="com.example.SyntheticSuite" time="0.01"/>
  <testcase name="test_synthetic_09920" classname="com.example.SyntheticSuite" time="0.01"/>
  <testcase name="test_synthetic_09921" classname="com.example.SyntheticSuite" time="0.01"/>
  <testcase name="test_synthetic_09922" classname="com.example.SyntheticSuite" time="0.01"/>
  <testcase name="test_synthetic_09923" classname="com.example.SyntheticSuite" time="0.01"/>
  <testcase name="test_synthetic_09924" classname="com.example.SyntheticSuite" time="0.01"/>
  <testcase name="test_synthetic_09925" classname="com.example.SyntheticSuite" time="0.01"/>
  <testcase name="test_synthetic_09926" classname="com.example.SyntheticSuite" time="0.01"/>
  <testcase name="test_synthetic_09927" classname="com.example.SyntheticSuite" time="0.01"/>
  <testcase name="test_synthetic_09928" classname="com.example.SyntheticSuite" time="0.01"/>
  <testcase name="test_synthetic_09929" classname="com.example.SyntheticSuite" time="0.01"/>
  <testcase name="test_synthetic_09930" classname="com.example.SyntheticSuite" time="0.01"/>
  <testcase name="test_synthetic_09931" classname="com.example.SyntheticSuite" time="0.01"/>
  <testcase name="test_synthetic_09932" classname="com.example.SyntheticSuite" time="0.01"/>
  <testcase name="test_synthetic_09933" classname="com.example.SyntheticSuite" time="0.01"/>
  <testcase name="test_synthetic_09934" classname="com.example.SyntheticSuite" time="0.01"/>
  <testcase name="test_synthetic_09935" classname="com.example.SyntheticSuite" time="0.01"/>
  <testcase name="test_synthetic_09936" classname="com.example.SyntheticSuite" time="0.01"/>
  <testcase name="test_synthetic_09937" classname="com.example.SyntheticSuite" time="0.01"/>
  <testcase name="test_synthetic_09938" classname="com.example.SyntheticSuite" time="0.01"/>
  <testcase name="test_synthetic_09939" classname="com.example.SyntheticSuite" time="0.01"/>
  <testcase name="test_synthetic_09940" classname="com.example.SyntheticSuite" time="0.01"/>
  <testcase name="test_synthetic_09941" classname="com.example.SyntheticSuite" time="0.01"/>
  <testcase name="test_synthetic_09942" classname="com.example.SyntheticSuite" time="0.01"/>
  <testcase name="test_synthetic_09943" classname="com.example.SyntheticSuite" time="0.01"/>
  <testcase name="test_synthetic_09944" classname="com.example.SyntheticSuite" time="0.01"/>
  <testcase name="test_synthetic_09945" classname="com.example.SyntheticSuite" time="0.01"/>
  <testcase name="test_synthetic_09946" classname="com.example.SyntheticSuite" time="0.01"/>
  <testcase name="test_synthetic_09947" classname="com.example.SyntheticSuite" time="0.01"/>
  <testcase name="test_synthetic_09948" classname="com.example.SyntheticSuite" time="0.01"/>
  <testcase name="test_synthetic_09949" classname="com.example.SyntheticSuite" time="0.01"/>
  <testcase name="test_synthetic_09950" classname="com.example.SyntheticSuite" time="0.01"/>
  <testcase name="test_synthetic_09951" classname="com.example.SyntheticSuite" time="0.01"/>
  <testcase name="test_synthetic_09952" classname="com.example.SyntheticSuite" time="0.01"/>
  <testcase name="test_synthetic_09953" classname="com.example.SyntheticSuite" time="0.01"/>
  <testcase name="test_synthetic_09954" classname="com.example.SyntheticSuite" time="0.01"/>
  <testcase name="test_synthetic_09955" classname="com.example.SyntheticSuite" time="0.01"/>
  <testcase name="test_synthetic_09956" classname="com.example.SyntheticSuite" time="0.01"/>
  <testcase name="test_synthetic_09957" classname="com.example.SyntheticSuite" time="0.01"/>
  <testcase name="test_synthetic_09958" classname="com.example.SyntheticSuite" time="0.01"/>
  <testcase name="test_synthetic_09959" classname="com.example.SyntheticSuite" time="0.01"/>
  <testcase name="test_synthetic_09960" classname="com.example.SyntheticSuite" time="0.01"/>
  <testcase name="test_synthetic_09961" classname="com.example.SyntheticSuite" time="0.01"/>
  <testcase name="test_synthetic_09962" classname="com.example.SyntheticSuite" time="0.01"/>
  <testcase name="test_synthetic_09963" classname="com.example.SyntheticSuite" time="0.01"/>
  <testcase name="test_synthetic_09964" classname="com.example.SyntheticSuite" time="0.01"/>
  <testcase name="test_synthetic_09965" classname="com.example.SyntheticSuite" time="0.01"/>
  <testcase name="test_synthetic_09966" classname="com.example.SyntheticSuite" time="0.01"/>
  <testcase name="test_synthetic_09967" classname="com.example.SyntheticSuite" time="0.01"/>
  <testcase name="test_synthetic_09968" classname="com.example.SyntheticSuite" time="0.01"/>
  <testcase name="test_synthetic_09969" classname="com.example.SyntheticSuite" time="0.01"/>
  <testcase name="test_synthetic_09970" classname="com.example.SyntheticSuite" time="0.01"/>
  <testcase name="test_synthetic_09971" classname="com.example.SyntheticSuite" time="0.01"/>
  <testcase name="test_synthetic_09972" classname="com.example.SyntheticSuite" time="0.01"/>
  <testcase name="test_synthetic_09973" classname="com.example.SyntheticSuite" time="0.01"/>
  <testcase name="test_synthetic_09974" classname="com.example.SyntheticSuite" time="0.01"/>
  <testcase name="test_synthetic_09975" classname="com.example.SyntheticSuite" time="0.01"/>
  <testcase name="test_synthetic_09976" classname="com.example.SyntheticSuite" time="0.01"/>
  <testcase name="test_synthetic_09977" classname="com.example.SyntheticSuite" time="0.01"/>
  <testcase name="test_synthetic_09978" classname="com.example.SyntheticSuite" time="0.01"/>
  <testcase name="test_synthetic_09979" classname="com.example.SyntheticSuite" time="0.01"/>
  <testcase name="test_synthetic_09980" classname="com.example.SyntheticSuite" time="0.01"/>
  <testcase name="test_synthetic_09981" classname="com.example.SyntheticSuite" time="0.01"/>
  <testcase name="test_synthetic_09982" classname="com.example.SyntheticSuite" time="0.01"/>
  <testcase name="test_synthetic_09983" classname="com.example.SyntheticSuite" time="0.01"/>
  <testcase name="test_synthetic_09984" classname="com.example.SyntheticSuite" time="0.01"/>
  <testcase name="test_synthetic_09985" classname="com.example.SyntheticSuite" time="0.01"/>
  <testcase name="test_synthetic_09986" classname="com.example.SyntheticSuite" time="0.01"/>
  <testcase name="test_synthetic_09987" classname="com.example.SyntheticSuite" time="0.01"/>
  <testcase name="test_synthetic_09988" classname="com.example.SyntheticSuite" time="0.01"/>
  <testcase name="test_synthetic_09989" classname="com.example.SyntheticSuite" time="0.01"/>
  <testcase name="test_synthetic_09990" classname="com.example.SyntheticSuite" time="0.01"/>
  <testcase name="test_synthetic_09991" classname="com.example.SyntheticSuite" time="0.01"/>
  <testcase name="test_synthetic_09992" classname="com.example.SyntheticSuite" time="0.01"/>
  <testcase name="test_synthetic_09993" classname="com.example.SyntheticSuite" time="0.01"/>
  <testcase name="test_synthetic_09994" classname="com.example.SyntheticSuite" time="0.01"/>
  <testcase name="test_synthetic_09995" classname="com.example.SyntheticSuite" time="0.01"/>
  <testcase name="test_synthetic_09996" classname="com.example.SyntheticSuite" time="0.01"/>
  <testcase name="test_synthetic_09997" classname="com.example.SyntheticSuite" time="0.01"/>
  <testcase name="test_synthetic_09998" classname="com.example.SyntheticSuite" time="0.01"/>
  <testcase name="test_synthetic_09999" classname="com.example.SyntheticSuite" time="0.01"/>
</testsuite>
