{"numFailedTestSuites":1,"numFailedTests":4,"numPassedTestSuites":0,"numPassedTests":6,"numPendingTestSuites":0,"numPendingTests":0,"numRuntimeErrorTestSuites":0,"numTodoTests":0,"numTotalTestSuites":1,"numTotalTests":10,"openHandles":[],"snapshot":{"added":0,"didUpdate":false,"failure":false,"filesAdded":0,"filesRemoved":0,"filesRemovedList":[],"filesUnmatched":0,"filesUpdated":0,"matched":0,"total":0,"unchecked":0,"uncheckedKeysByFile":[],"unmatched":0,"updated":0},"startTime":1758232487022,"success":false,"testResults":[{"assertionResults":[{"ancestorTitles":["StringService","titleCase"],"duration":10,"failureDetails":[],"failureMessages":[],"fullName":"StringService titleCase should capitalize first letter of each word","invocations":1,"location":null,"numPassingAsserts":2,"retryReasons":[],"status":"passed","title":"should capitalize first letter of each word"},{"ancestorTitles":["StringService","titleCase"],"duration":2,"failureDetails":[],"failureMessages":[],"fullName":"StringService titleCase should handle empty and null strings","invocations":1,"location":null,"numPassingAsserts":2,"retryReasons":[],"status":"passed","title":"should handle empty and null strings"},{"ancestorTitles":["StringService","titleCase"],"duration":13,"failureDetails":[{"matcherResult":{"actual":"Hello World","expected":"hello world","message":"\u001b[2mexpect(\u001b[22m\u001b[31mreceived\u001b[39m\u001b[2m).\u001b[22mtoBe\u001b[2m(\u001b[22m\u001b[32mexpected\u001b[39m\u001b[2m) // Object.is equality\u001b[22m\n\nExpected: \u001b[32m\"\u001b[7mh\u001b[27mello \u001b[7mw\u001b[27morld\"\u001b[39m\nReceived: \u001b[31m\"\u001b[7mH\u001b[27mello \u001b[7mW\u001b[27morld\"\u001b[39m","name":"toBe","pass":false}}],"failureMessages":["Error: \u001b[2mexpect(\u001b[22m\u001b[31mreceived\u001b[39m\u001b[2m).\u001b[22mtoBe\u001b[2m(\u001b[22m\u001b[32mexpected\u001b[39m\u001b[2m) // Object.is equality\u001b[22m\n\nExpected: \u001b[32m\"\u001b[7mh\u001b[27mello \u001b[7mw\u001b[27morld\"\u001b[39m\nReceived: \u001b[31m\"\u001b[7mH\u001b[27mello \u001b[7mW\u001b[27morld\"\u001b[39m\n    at Object.toBe (C:\\Alpha\\node-service\\tests\\stringService.test.js:18:46)\n    at Promise.then.completed (C:\\Alpha\\node-service\\node_modules\\jest-circus\\build\\utils.js:298:28)\n    at new Promise (<anonymous>)\n    at callAsyncCircusFn (C:\\Alpha\\node-service\\node_modules\\jest-circus\\build\\utils.js:231:10)\n    at _callCircusTest (C:\\Alpha\\node-service\\node_modules\\jest-circus\\build\\run.js:316:40)\n    at _runTest (C:\\Alpha\\node-service\\node_modules\\jest-circus\\build\\run.js:252:3)\n    at _runTestsForDescribeBlock (C:\\Alpha\\node-service\\node_modules\\jest-circus\\build\\run.js:126:9)\n    at _runTestsForDescribeBlock (C:\\Alpha\\node-service\\node_modules\\jest-circus\\build\\run.js:121:9)\n    at _runTestsForDescribeBlock (C:\\Alpha\\node-service\\node_modules\\jest-circus\\build\\run.js:121:9)\n    at run (C:\\Alpha\\node-service\\node_modules\\jest-circus\\build\\run.js:71:3)\n    at runAndTransformResultsToJestFormat (C:\\Alpha\\node-service\\node_modules\\jest-circus\\build\\legacy-code-todo-rewrite\\jestAdapterInit.js:122:21)\n    at jestAdapter (C:\\Alpha\\node-service\\node_modules\\jest-circus\\build\\legacy-code-todo-rewrite\\jestAdapter.js:79:19)\n    at runTestInternal (C:\\Alpha\\node-service\\node_modules\\jest-runner\\build\\runTest.js:367:16)\n    at runTest (C:\\Alpha\\node-service\\node_modules\\jest-runner\\build\\runTest.js:444:34)"],"fullName":"StringService titleCase titleCase fails intentionally","invocations":1,"location":null,"numPassingAsserts":0,"retryReasons":[],"status":"failed","title":"titleCase fails intentionally"},{"ancestorTitles":["StringService","reverseString"],"duration":1,"failureDetails":[],"failureMessages":[],"fullName":"StringService reverseString should reverse string correctly","invocations":1,"location":null,"numPassingAsserts":2,"retryReasons":[],"status":"passed","title":"should reverse string correctly"},{"ancestorTitles":["StringService","reverseString"],"duration":3,"failureDetails":[{"matcherResult":{"actual":"olleh","expected":"hello","message":"\u001b[2mexpect(\u001b[22m\u001b[31mreceived\u001b[39m\u001b[2m).\u001b[22mtoBe\u001b[2m(\u001b[22m\u001b[32mexpected\u001b[39m\u001b[2m) // Object.is equality\u001b[22m\n\nExpected: \u001b[32m\"hello\"\u001b[39m\nReceived: \u001b[31m\"olleh\"\u001b[39m","name":"toBe","pass":false}}],"failureMessages":["Error: \u001b[2mexpect(\u001b[22m\u001b[31mreceived\u001b[39m\u001b[2m).\u001b[22mtoBe\u001b[2m(\u001b[22m\u001b[32mexpected\u001b[39m\u001b[2m) // Object.is equality\u001b[22m\n\nExpected: \u001b[32m\"hello\"\u001b[39m\nReceived: \u001b[31m\"olleh\"\u001b[39m\n    at Object.toBe (C:\\Alpha\\node-service\\tests\\stringService.test.js:30:44)\n    at Promise.then.completed (C:\\Alpha\\node-service\\node_modules\\jest-circus\\build\\utils.js:298:28)\n    at new Promise (<anonymous>)\n    at callAsyncCircusFn (C:\\Alpha\\node-service\\node_modules\\jest-circus\\build\\utils.js:231:10)\n    at _callCircusTest (C:\\Alpha\\node-service\\node_modules\\jest-circus\\build\\run.js:316:40)\n    at _runTest (C:\\Alpha\\node-service\\node_modules\\jest-circus\\build\\run.js:252:3)\n    at _runTestsForDescribeBlock (C:\\Alpha\\node-service\\node_modules\\jest-circus\\build\\run.js:126:9)\n    at _runTestsForDescribeBlock (C:\\Alpha\\node-service\\node_modules\\jest-circus\\build\\run.js:121:9)\n    at _runTestsForDescribeBlock (C:\\Alpha\\node-service\\node_modules\\jest-circus\\build\\run.js:121:9)\n    at run (C:\\Alpha\\node-service\\node_modules\\jest-circus\\build\\run.js:71:3)\n    at runAndTransformResultsToJestFormat (C:\\Alpha\\node-service\\node_modules\\jest-circus\\build\\legacy-code-todo-rewrite\\jestAdapterInit.js:122:21)\n    at jestAdapter (C:\\Alpha\\node-service\\node_modules\\jest-circus\\build\\legacy-code-todo-rewrite\\jestAdapter.js:79:19)\n    at runTestInternal (C:\\Alpha\\node-service\\node_modules\\jest-runner\\build\\runTest.js:367:16)\n    at runTest (C:\\Alpha\\node-service\\node_modules\\jest-runner\\build\\runTest.js:444:34)"],"fullName":"StringService reverseString reverseString fails intentionally","invocations":1,"location":null,"numPassingAsserts":0,"retryReasons":[],"status":"failed","title":"reverseString fails intentionally"},{"ancestorTitles":["StringService","countVowels"],"duration":2,"failureDetails":[],"failureMessages":[],"fullName":"StringService countVowels should count vowels correctly","invocations":1,"location":null,"numPassingAsserts":3,"retryReasons":[],"status":"passed","title":"should count vowels correctly"},{"ancestorTitles":["StringService","countVowels"],"duration":1,"failureDetails":[{"matcherResult":{"actual":2,"expected":3,"message":"\u001b[2mexpect(\u001b[22m\u001b[31mreceived\u001b[39m\u001b[2m).\u001b[22mtoBe\u001b[2m(\u001b[22m\u001b[32mexpected\u001b[39m\u001b[2m) // Object.is equality\u001b[22m\n\nExpected: \u001b[32m3\u001b[39m\nReceived: \u001b[31m2\u001b[39m","name":"toBe","pass":false}}],"failureMessages":["Error: \u001b[2mexpect(\u001b[22m\u001b[31mreceived\u001b[39m\u001b[2m).\u001b[22mtoBe\u001b[2m(\u001b[22m\u001b[32mexpected\u001b[39m\u001b[2m) // Object.is equality\u001b[22m\n\nExpected: \u001b[32m3\u001b[39m\nReceived: \u001b[31m2\u001b[39m\n    at Object.toBe (C:\\Alpha\\node-service\\tests\\stringService.test.js:43:42)\n    at Promise.then.completed (C:\\Alpha\\node-service\\node_modules\\jest-circus\\build\\utils.js:298:28)\n    at new Promise (<anonymous>)\n    at callAsyncCircusFn (C:\\Alpha\\node-service\\node_modules\\jest-circus\\build\\utils.js:231:10)\n    at _callCircusTest (C:\\Alpha\\node-service\\node_modules\\jest-circus\\build\\run.js:316:40)\n    at _runTest (C:\\Alpha\\node-service\\node_modules\\jest-circus\\build\\run.js:252:3)\n    at _runTestsForDescribeBlock (C:\\Alpha\\node-service\\node_modules\\jest-circus\\build\\run.js:126:9)\n    at _runTestsForDescribeBlock (C:\\Alpha\\node-service\\node_modules\\jest-circus\\build\\run.js:121:9)\n    at _runTestsForDescribeBlock (C:\\Alpha\\node-service\\node_modules\\jest-circus\\build\\run.js:121:9)\n    at run (C:\\Alpha\\node-service\\node_modules\\jest-circus\\build\\run.js:71:3)\n    at runAndTransformResultsToJestFormat (C:\\Alpha\\node-service\\node_modules\\jest-circus\\build\\legacy-code-todo-rewrite\\jestAdapterInit.js:122:21)\n    at jestAdapter (C:\\Alpha\\node-service\\node_modules\\jest-circus\\build\\legacy-code-todo-rewrite\\jestAdapter.js:79:19)\n    at runTestInternal (C:\\Alpha\\node-service\\node_modules\\jest-runner\\build\\runTest.js:367:16)\n    at runTest (C:\\Alpha\\node-service\\node_modules\\jest-runner\\build\\runTest.js:444:34)"],"fullName":"StringService countVowels countVowels fails intentionally","invocations":1,"location":null,"numPassingAsserts":0,"retryReasons":[],"status":"failed","title":"countVowels fails intentionally"},{"ancestorTitles":["StringService","isPalindrome"],"duration":4,"failureDetails":[],"failureMessages":[],"fullName":"StringService isPalindrome should identify palindromes correctly","invocations":1,"location":null,"numPassingAsserts":3,"retryReasons":[],"status":"passed","title":"should identify palindromes correctly"},{"ancestorTitles":["StringService","isPalindrome"],"duration":1,"failureDetails":[],"failureMessages":[],"fullName":"StringService isPalindrome should handle edge cases","invocations":1,"location":null,"numPassingAsserts":2,"retryReasons":[],"status":"passed","title":"should handle edge cases"},{"ancestorTitles":["StringService","isPalindrome"],"duration":2,"failureDetails":[{"matcherResult":{"actual":false,"expected":true,"message":"\u001b[2mexpect(\u001b[22m\u001b[31mreceived\u001b[39m\u001b[2m).\u001b[22mtoBe\u001b[2m(\u001b[22m\u001b[32mexpected\u001b[39m\u001b[2m) // Object.is equality\u001b[22m\n\nExpected: \u001b[32mtrue\u001b[39m\nReceived: \u001b[31mfalse\u001b[39m","name":"toBe","pass":false}}],"failureMessages":["Error: \u001b[2mexpect(\u001b[22m\u001b[31mreceived\u001b[39m\u001b[2m).\u001b[22mtoBe\u001b[2m(\u001b[22m\u001b[32mexpected\u001b[39m\u001b[2m) // Object.is equality\u001b[22m\n\nExpected: \u001b[32mtrue\u001b[39m\nReceived: \u001b[31mfalse\u001b[39m\n    at Object.toBe (C:\\Alpha\\node-service\\tests\\stringService.test.js:61:43)\n    at Promise.then.completed (C:\\Alpha\\node-service\\node_modules\\jest-circus\\build\\utils.js:298:28)\n    at new Promise (<anonymous>)\n    at callAsyncCircusFn (C:\\Alpha\\node-service\\node_modules\\jest-circus\\build\\utils.js:231:10)\n    at _callCircusTest (C:\\Alpha\\node-service\\node_modules\\jest-circus\\build\\run.js:316:40)\n    at _runTest (C:\\Alpha\\node-service\\node_modules\\jest-circus\\build\\run.js:252:3)\n    at _runTestsForDescribeBlock (C:\\Alpha\\node-service\\node_modules\\jest-circus\\build\\run.js:126:9)\n    at _runTestsForDescribeBlock (C:\\Alpha\\node-service\\node_modules\\jest-circus\\build\\run.js:121:9)\n    at _runTestsForDescribeBlock (C:\\Alpha\\node-service\\node_modules\\jest-circus\\build\\run.js:121:9)\n    at run (C:\\Alpha\\node-service\\node_modules\\jest-circus\\build\\run.js:71:3)\n    at runAndTransformResultsToJestFormat (C:\\Alpha\\node-service\\node_modules\\jest-circus\\build\\legacy-code-todo-rewrite\\jestAdapterInit.js:122:21)\n    at jestAdapter (C:\\Alpha\\node-service\\node_modules\\jest-circus\\build\\legacy-code-todo-rewrite\\jestAdapter.js:79:19)\n    at runTestInternal (C:\\Alpha\\node-service\\node_modules\\jest-runner\\build\\runTest.js:367:16)\n    at runTest (C:\\Alpha\\node-service\\node_modules\\jest-runner\\build\\runTest.js:444:34)"],"fullName":"StringService isPalindrome isPalindrome fails intentionally","invocations":1,"location":null,"numPassingAsserts":0,"retryReasons":[],"status":"failed","title":"isPalindrome fails intentionally"}],"endTime":1758232488907,"message":"\u001b[1m\u001b[31m  \u001b[1m● \u001b[22m\u001b[1mStringService › titleCase › titleCase fails intentionally\u001b[39m\u001b[22m\n\n    \u001b[2mexpect(\u001b[22m\u001b[31mreceived\u001b[39m\u001b[2m).\u001b[22mtoBe\u001b[2m(\u001b[22m\u001b[32mexpected\u001b[39m\u001b[2m) // Object.is equality\u001b[22m\n\n    Expected: \u001b[32m\"\u001b[7mh\u001b[27mello \u001b[7mw\u001b[27morld\"\u001b[39m\n    Received: \u001b[31m\"\u001b[7mH\u001b[27mello \u001b[7mW\u001b[27morld\"\u001b[39m\n\u001b[2m\u001b[22m\n\u001b[2m    \u001b[0m \u001b[90m 16 |\u001b[39m         test(\u001b[32m'titleCase fails intentionally'\u001b[39m\u001b[33m,\u001b[39m () \u001b[33m=>\u001b[39m {\u001b[22m\n\u001b[2m     \u001b[90m 17 |\u001b[39m             \u001b[90m// This test will fail intentionally for testing purposes\u001b[39m\u001b[22m\n\u001b[2m    \u001b[31m\u001b[1m>\u001b[22m\u001b[2m\u001b[39m\u001b[90m 18 |\u001b[39m             expect(titleCase(\u001b[32m'hello world'\u001b[39m))\u001b[33m.\u001b[39mtoBe(\u001b[32m'hello world'\u001b[39m)\u001b[33m;\u001b[39m \u001b[90m// Expected: 'hello world', Actual: 'Hello World'\u001b[39m\u001b[22m\n\u001b[2m     \u001b[90m    |\u001b[39m                                              \u001b[31m\u001b[1m^\u001b[22m\u001b[2m\u001b[39m\u001b[22m\n\u001b[2m     \u001b[90m 19 |\u001b[39m         })\u001b[33m;\u001b[39m\u001b[22m\n\u001b[2m     \u001b[90m 20 |\u001b[39m     })\u001b[33m;\u001b[39m\u001b[22m\n\u001b[2m     \u001b[90m 21 |\u001b[39m     \u001b[0m\u001b[22m\n\u001b[2m\u001b[22m\n\u001b[2m      \u001b[2mat Object.toBe (\u001b[22m\u001b[2m\u001b[0m\u001b[36mtests/stringService.test.js\u001b[39m\u001b[0m\u001b[2m:18:46)\u001b[22m\u001b[2m\u001b[22m\n\n\u001b[1m\u001b[31m  \u001b[1m● \u001b[22m\u001b[1mStringService › reverseString › reverseString fails intentionally\u001b[39m\u001b[22m\n\n    \u001b[2mexpect(\u001b[22m\u001b[31mreceived\u001b[39m\u001b[2m).\u001b[22mtoBe\u001b[2m(\u001b[22m\u001b[32mexpected\u001b[39m\u001b[2m) // Object.is equality\u001b[22m\n\n    Expected: \u001b[32m\"hello\"\u001b[39m\n    Received: \u001b[31m\"olleh\"\u001b[39m\n\u001b[2m\u001b[22m\n\u001b[2m    \u001b[0m \u001b[90m 28 |\u001b[39m         test(\u001b[32m'reverseString fails intentionally'\u001b[39m\u001b[33m,\u001b[39m () \u001b[33m=>\u001b[39m {\u001b[22m\n\u001b[2m     \u001b[90m 29 |\u001b[39m             \u001b[90m// This test will fail intentionally for testing purposes\u001b[39m\u001b[22m\n\u001b[2m    \u001b[31m\u001b[1m>\u001b[22m\u001b[2m\u001b[39m\u001b[90m 30 |\u001b[39m             expect(reverseString(\u001b[32m'hello'\u001b[39m))\u001b[33m.\u001b[39mtoBe(\u001b[32m'hello'\u001b[39m)\u001b[33m;\u001b[39m \u001b[90m// Expected: 'hello', Actual: 'olleh'\u001b[39m\u001b[22m\n\u001b[2m     \u001b[90m    |\u001b[39m                                            \u001b[31m\u001b[1m^\u001b[22m\u001b[2m\u001b[39m\u001b[22m\n\u001b[2m     \u001b[90m 31 |\u001b[39m         })\u001b[33m;\u001b[39m\u001b[22m\n\u001b[2m     \u001b[90m 32 |\u001b[39m     })\u001b[33m;\u001b[39m\u001b[22m\n\u001b[2m     \u001b[90m 33 |\u001b[39m     \u001b[0m\u001b[22m\n\u001b[2m\u001b[22m\n\u001b[2m      \u001b[2mat Object.toBe (\u001b[22m\u001b[2m\u001b[0m\u001b[36mtests/stringService.test.js\u001b[39m\u001b[0m\u001b[2m:30:44)\u001b[22m\u001b[2m\u001b[22m\n\n\u001b[1m\u001b[31m  \u001b[1m● \u001b[22m\u001b[1mStringService › countVowels › countVowels fails intentionally\u001b[39m\u001b[22m\n\n    \u001b[2mexpect(\u001b[22m\u001b[31mreceived\u001b[39m\u001b[2m).\u001b[22mtoBe\u001b[2m(\u001b[22m\u001b[32mexpected\u001b[39m\u001b[2m) // Object.is equality\u001b[22m\n\n    Expected: \u001b[32m3\u001b[39m\n    Received: \u001b[31m2\u001b[39m\n\u001b[2m\u001b[22m\n\u001b[2m    \u001b[0m \u001b[90m 41 |\u001b[39m         test(\u001b[32m'countVowels fails intentionally'\u001b[39m\u001b[33m,\u001b[39m () \u001b[33m=>\u001b[39m {\u001b[22m\n\u001b[2m     \u001b[90m 42 |\u001b[39m             \u001b[90m// This test will fail intentionally for testing purposes\u001b[39m\u001b[22m\n\u001b[2m    \u001b[31m\u001b[1m>\u001b[22m\u001b[2m\u001b[39m\u001b[90m 43 |\u001b[39m             expect(countVowels(\u001b[32m'hello'\u001b[39m))\u001b[33m.\u001b[39mtoBe(\u001b[35m3\u001b[39m)\u001b[33m;\u001b[39m \u001b[90m// Expected: 3, Actual: 2\u001b[39m\u001b[22m\n\u001b[2m     \u001b[90m    |\u001b[39m                                          \u001b[31m\u001b[1m^\u001b[22m\u001b[2m\u001b[39m\u001b[22m\n\u001b[2m     \u001b[90m 44 |\u001b[39m         })\u001b[33m;\u001b[39m\u001b[22m\n\u001b[2m     \u001b[90m 45 |\u001b[39m     })\u001b[33m;\u001b[39m\u001b[22m\n\u001b[2m     \u001b[90m 46 |\u001b[39m     \u001b[0m\u001b[22m\n\u001b[2m\u001b[22m\n\u001b[2m      \u001b[2mat Object.toBe (\u001b[22m\u001b[2m\u001b[0m\u001b[36mtests/stringService.test.js\u001b[39m\u001b[0m\u001b[2m:43:42)\u001b[22m\u001b[2m\u001b[22m\n\n\u001b[1m\u001b[31m  \u001b[1m● \u001b[22m\u001b[1mStringService › isPalindrome › isPalindrome fails intentionally\u001b[39m\u001b[22m\n\n    \u001b[2mexpect(\u001b[22m\u001b[31mreceived\u001b[39m\u001b[2m).\u001b[22mtoBe\u001b[2m(\u001b[22m\u001b[32mexpected\u001b[39m\u001b[2m) // Object.is equality\u001b[22m\n\n    Expected: \u001b[32mtrue\u001b[39m\n    Received: \u001b[31mfalse\u001b[39m\n\u001b[2m\u001b[22m\n\u001b[2m    \u001b[0m \u001b[90m 59 |\u001b[39m         test(\u001b[32m'isPalindrome fails intentionally'\u001b[39m\u001b[33m,\u001b[39m () \u001b[33m=>\u001b[39m {\u001b[22m\n\u001b[2m     \u001b[90m 60 |\u001b[39m             \u001b[90m// This test will fail intentionally for testing purposes\u001b[39m\u001b[22m\n\u001b[2m    \u001b[31m\u001b[1m>\u001b[22m\u001b[2m\u001b[39m\u001b[90m 61 |\u001b[39m             expect(isPalindrome(\u001b[32m'hello'\u001b[39m))\u001b[33m.\u001b[39mtoBe(\u001b[36mtrue\u001b[39m)\u001b[33m;\u001b[39m \u001b[90m// Expected: true, Actual: false\u001b[39m\u001b[22m\n\u001b[2m     \u001b[90m    |\u001b[39m                                           \u001b[31m\u001b[1m^\u001b[22m\u001b[2m\u001b[39m\u001b[22m\n\u001b[2m     \u001b[90m 62 |\u001b[39m         })\u001b[33m;\u001b[39m\u001b[22m\n\u001b[2m     \u001b[90m 63 |\u001b[39m     })\u001b[33m;\u001b[39m\u001b[22m\n\u001b[2m     \u001b[90m 64 |\u001b[39m })\u001b[33m;\u001b[39m\u001b[0m\u001b[22m\n\u001b[2m\u001b[22m\n\u001b[2m      \u001b[2mat Object.toBe (\u001b[22m\u001b[2m\u001b[0m\u001b[36mtests/stringService.test.js\u001b[39m\u001b[0m\u001b[2m:61:43)\u001b[22m\u001b[2m\u001b[22m\n","name":"C:\\Alpha\\node-service\\tests\\stringService.test.js","startTime":1758232487369,"status":"failed","summary":""}],"wasInterrupted":false}
